2025-07-14 21:24:49,896 - INFO - Generating master index
2025-07-14 21:24:49,896 - INFO - Generating index for category: abstract
2025-07-14 21:24:49,912 - INFO - Found 100 wallpapers in category: abstract
2025-07-14 21:24:49,914 - INFO - Generated category index: abstract (100 wallpapers)
2025-07-14 21:24:49,914 - INFO - Generating index for category: nature
2025-07-14 21:24:49,918 - INFO - Found 21 wallpapers in category: nature
2025-07-14 21:24:49,919 - INFO - Generated category index: nature (21 wallpapers)
2025-07-14 21:24:49,919 - INFO - Generating index for category: space
2025-07-14 21:24:49,921 - INFO - Found 6 wallpapers in category: space
2025-07-14 21:24:49,921 - INFO - Generated category index: space (6 wallpapers)
2025-07-14 21:24:49,921 - INFO - Generating index for category: minimal
2025-07-14 21:24:49,921 - INFO - Found 0 wallpapers in category: minimal
2025-07-14 21:24:49,922 - INFO - Generated category index: minimal (0 wallpapers)
2025-07-14 21:24:49,922 - INFO - Generating index for category: cyberpunk
2025-07-14 21:24:49,922 - INFO - Found 0 wallpapers in category: cyberpunk
2025-07-14 21:24:49,922 - INFO - Generated category index: cyberpunk (0 wallpapers)
2025-07-14 21:24:49,922 - INFO - Generating index for category: gaming
2025-07-14 21:24:49,922 - INFO - Found 0 wallpapers in category: gaming
2025-07-14 21:24:49,922 - INFO - Generated category index: gaming (0 wallpapers)
2025-07-14 21:24:49,922 - INFO - Generating index for category: anime
2025-07-14 21:24:49,922 - INFO - Found 0 wallpapers in category: anime
2025-07-14 21:24:49,922 - INFO - Generated category index: anime (0 wallpapers)
2025-07-14 21:24:49,923 - INFO - Generating index for category: movies
2025-07-14 21:24:49,923 - INFO - Found 0 wallpapers in category: movies
2025-07-14 21:24:49,923 - INFO - Generated category index: movies (0 wallpapers)
2025-07-14 21:24:49,923 - INFO - Generating index for category: music
2025-07-14 21:24:49,923 - INFO - Found 0 wallpapers in category: music
2025-07-14 21:24:49,923 - INFO - Generated category index: music (0 wallpapers)
2025-07-14 21:24:49,923 - INFO - Generating index for category: cars
2025-07-14 21:24:49,923 - INFO - Found 0 wallpapers in category: cars
2025-07-14 21:24:49,923 - INFO - Generated category index: cars (0 wallpapers)
2025-07-14 21:24:49,923 - INFO - Generating index for category: sports
2025-07-14 21:24:49,923 - INFO - Found 0 wallpapers in category: sports
2025-07-14 21:24:49,923 - INFO - Generated category index: sports (0 wallpapers)
2025-07-14 21:24:49,923 - INFO - Generating index for category: technology
2025-07-14 21:24:49,927 - INFO - Found 10 wallpapers in category: technology
2025-07-14 21:24:49,927 - INFO - Generated category index: technology (10 wallpapers)
2025-07-14 21:24:49,927 - INFO - Generating index for category: architecture
2025-07-14 21:24:49,927 - INFO - Found 0 wallpapers in category: architecture
2025-07-14 21:24:49,928 - INFO - Generated category index: architecture (0 wallpapers)
2025-07-14 21:24:49,928 - INFO - Generating index for category: art
2025-07-14 21:24:49,928 - INFO - Found 0 wallpapers in category: art
2025-07-14 21:24:49,928 - INFO - Generated category index: art (0 wallpapers)
2025-07-14 21:24:49,928 - INFO - Generating index for category: dark
2025-07-14 21:24:49,928 - INFO - Found 0 wallpapers in category: dark
2025-07-14 21:24:49,928 - INFO - Generated category index: dark (0 wallpapers)
2025-07-14 21:24:49,928 - INFO - Generating index for category: neon
2025-07-14 21:24:49,928 - INFO - Found 0 wallpapers in category: neon
2025-07-14 21:24:49,928 - INFO - Generated category index: neon (0 wallpapers)
2025-07-14 21:24:49,928 - INFO - Generating index for category: pastel
2025-07-14 21:24:49,928 - INFO - Found 0 wallpapers in category: pastel
2025-07-14 21:24:49,929 - INFO - Generated category index: pastel (0 wallpapers)
2025-07-14 21:24:49,929 - INFO - Generating index for category: vintage
2025-07-14 21:24:49,929 - INFO - Found 0 wallpapers in category: vintage
2025-07-14 21:24:49,929 - INFO - Generated category index: vintage (0 wallpapers)
2025-07-14 21:24:49,929 - INFO - Generating index for category: gradient
2025-07-14 21:24:49,929 - INFO - Found 0 wallpapers in category: gradient
2025-07-14 21:24:49,929 - INFO - Generated category index: gradient (0 wallpapers)
2025-07-14 21:24:49,929 - INFO - Generating index for category: seasonal
2025-07-14 21:24:49,929 - INFO - Found 0 wallpapers in category: seasonal
2025-07-14 21:24:49,929 - INFO - Generated category index: seasonal (0 wallpapers)
2025-07-14 21:24:49,930 - INFO - Generated master index with 137 wallpapers across 20 categories
2025-07-14 21:24:49,930 - INFO - Validating generated indexes
2025-07-14 21:24:49,931 - INFO - All indexes validated successfully
2025-07-14 21:28:41,615 - INFO - Generating master index
2025-07-14 21:28:41,615 - INFO - Generating index for category: abstract
2025-07-14 21:28:41,625 - INFO - Found 100 wallpapers in category: abstract
2025-07-14 21:28:41,628 - INFO - Generated category index: abstract (100 wallpapers)
2025-07-14 21:28:41,628 - INFO - Generating index for category: nature
2025-07-14 21:28:41,632 - INFO - Found 21 wallpapers in category: nature
2025-07-14 21:28:41,633 - INFO - Generated category index: nature (21 wallpapers)
2025-07-14 21:28:41,633 - INFO - Generating index for category: space
2025-07-14 21:28:41,635 - INFO - Found 6 wallpapers in category: space
2025-07-14 21:28:41,635 - INFO - Generated category index: space (6 wallpapers)
2025-07-14 21:28:41,635 - INFO - Generating index for category: minimal
2025-07-14 21:28:41,635 - WARNING - Missing required field 'filename' in metadata for minimal_002.jpg
2025-07-14 21:28:41,636 - WARNING - Missing required field 'filename' in metadata for minimal_016.jpg
2025-07-14 21:28:41,636 - WARNING - Missing required field 'filename' in metadata for minimal_017.jpg
2025-07-14 21:28:41,636 - WARNING - Missing required field 'filename' in metadata for minimal_015.jpg
2025-07-14 21:28:41,636 - WARNING - Missing required field 'filename' in metadata for minimal_001.jpg
2025-07-14 21:28:41,636 - WARNING - Missing required field 'filename' in metadata for minimal_029.jpg
2025-07-14 21:28:41,636 - WARNING - Missing required field 'filename' in metadata for minimal_014.jpg
2025-07-14 21:28:41,636 - WARNING - Missing required field 'filename' in metadata for minimal_010.jpg
2025-07-14 21:28:41,636 - WARNING - Missing required field 'filename' in metadata for minimal_004.jpg
2025-07-14 21:28:41,637 - WARNING - Missing required field 'filename' in metadata for minimal_005.jpg
2025-07-14 21:28:41,637 - WARNING - Missing required field 'filename' in metadata for minimal_011.jpg
2025-07-14 21:28:41,637 - WARNING - Missing required field 'filename' in metadata for minimal_039.jpg
2025-07-14 21:28:41,637 - WARNING - Missing required field 'filename' in metadata for minimal_013.jpg
2025-07-14 21:28:41,637 - WARNING - Missing required field 'filename' in metadata for minimal_012.jpg
2025-07-14 21:28:41,637 - WARNING - Missing required field 'filename' in metadata for minimal_006.jpg
2025-07-14 21:28:41,637 - WARNING - Missing required field 'filename' in metadata for minimal_049.jpg
2025-07-14 21:28:41,637 - WARNING - Missing required field 'filename' in metadata for minimal_048.jpg
2025-07-14 21:28:41,637 - WARNING - Missing required field 'filename' in metadata for minimal_040.jpg
2025-07-14 21:28:41,637 - WARNING - Missing required field 'filename' in metadata for minimal_054.jpg
2025-07-14 21:28:41,637 - WARNING - Missing required field 'filename' in metadata for minimal_041.jpg
2025-07-14 21:28:41,637 - WARNING - Missing required field 'filename' in metadata for minimal_043.jpg
2025-07-14 21:28:41,638 - WARNING - Missing required field 'filename' in metadata for minimal_052.jpg
2025-07-14 21:28:41,638 - WARNING - Missing required field 'filename' in metadata for minimal_046.jpg
2025-07-14 21:28:41,638 - WARNING - Missing required field 'filename' in metadata for minimal_047.jpg
2025-07-14 21:28:41,638 - WARNING - Missing required field 'filename' in metadata for minimal_051.jpg
2025-07-14 21:28:41,638 - WARNING - Missing required field 'filename' in metadata for minimal_050.jpg
2025-07-14 21:28:41,638 - WARNING - Missing required field 'filename' in metadata for minimal_044.jpg
2025-07-14 21:28:41,638 - WARNING - Missing required field 'filename' in metadata for minimal_023.jpg
2025-07-14 21:28:41,638 - WARNING - Missing required field 'filename' in metadata for minimal_037.jpg
2025-07-14 21:28:41,638 - WARNING - Missing required field 'filename' in metadata for minimal_036.jpg
2025-07-14 21:28:41,638 - WARNING - Missing required field 'filename' in metadata for minimal_022.jpg
2025-07-14 21:28:41,638 - WARNING - Missing required field 'filename' in metadata for minimal_034.jpg
2025-07-14 21:28:41,638 - WARNING - Missing required field 'filename' in metadata for minimal_020.jpg
2025-07-14 21:28:41,639 - WARNING - Missing required field 'filename' in metadata for minimal_008.jpg
2025-07-14 21:28:41,639 - WARNING - Missing required field 'filename' in metadata for minimal_009.jpg
2025-07-14 21:28:41,639 - WARNING - Missing required field 'filename' in metadata for minimal_021.jpg
2025-07-14 21:28:41,639 - WARNING - Missing required field 'filename' in metadata for minimal_035.jpg
2025-07-14 21:28:41,639 - WARNING - Missing required field 'filename' in metadata for minimal_019.jpg
2025-07-14 21:28:41,639 - WARNING - Missing required field 'filename' in metadata for minimal_031.jpg
2025-07-14 21:28:41,639 - WARNING - Missing required field 'filename' in metadata for minimal_025.jpg
2025-07-14 21:28:41,639 - WARNING - Missing required field 'filename' in metadata for minimal_024.jpg
2025-07-14 21:28:41,639 - WARNING - Missing required field 'filename' in metadata for minimal_018.jpg
2025-07-14 21:28:41,639 - WARNING - Missing required field 'filename' in metadata for minimal_026.jpg
2025-07-14 21:28:41,639 - WARNING - Missing required field 'filename' in metadata for minimal_032.jpg
2025-07-14 21:28:41,639 - WARNING - Missing required field 'filename' in metadata for minimal_033.jpg
2025-07-14 21:28:41,640 - WARNING - Missing required field 'filename' in metadata for minimal_027.jpg
2025-07-14 21:28:41,640 - INFO - Found 0 wallpapers in category: minimal
2025-07-14 21:28:41,640 - INFO - Generated category index: minimal (0 wallpapers)
2025-07-14 21:28:41,640 - INFO - Generating index for category: cyberpunk
2025-07-14 21:28:41,640 - WARNING - Missing required field 'filename' in metadata for cyberpunk_040.jpg
2025-07-14 21:28:41,641 - WARNING - Missing required field 'filename' in metadata for cyberpunk_041.jpg
2025-07-14 21:28:41,641 - WARNING - Missing required field 'filename' in metadata for cyberpunk_043.jpg
2025-07-14 21:28:41,641 - WARNING - Missing required field 'filename' in metadata for cyberpunk_042.jpg
2025-07-14 21:28:41,641 - WARNING - Missing required field 'filename' in metadata for cyberpunk_045.jpg
2025-07-14 21:28:41,641 - WARNING - Missing required field 'filename' in metadata for cyberpunk_044.jpg
2025-07-14 21:28:41,642 - WARNING - Missing required field 'filename' in metadata for cyberpunk_023.jpg
2025-07-14 21:28:41,642 - WARNING - Missing required field 'filename' in metadata for cyberpunk_037.jpg
2025-07-14 21:28:41,642 - WARNING - Missing required field 'filename' in metadata for cyberpunk_036.jpg
2025-07-14 21:28:41,642 - WARNING - Missing required field 'filename' in metadata for cyberpunk_022.jpg
2025-07-14 21:28:41,642 - WARNING - Missing required field 'filename' in metadata for cyberpunk_020.jpg
2025-07-14 21:28:41,642 - WARNING - Missing required field 'filename' in metadata for cyberpunk_008.jpg
2025-07-14 21:28:41,642 - WARNING - Missing required field 'filename' in metadata for cyberpunk_009.jpg
2025-07-14 21:28:41,642 - WARNING - Missing required field 'filename' in metadata for cyberpunk_021.jpg
2025-07-14 21:28:41,642 - WARNING - Missing required field 'filename' in metadata for cyberpunk_035.jpg
2025-07-14 21:28:41,643 - WARNING - Missing required field 'filename' in metadata for cyberpunk_019.jpg
2025-07-14 21:28:41,643 - WARNING - Missing required field 'filename' in metadata for cyberpunk_031.jpg
2025-07-14 21:28:41,643 - WARNING - Missing required field 'filename' in metadata for cyberpunk_025.jpg
2025-07-14 21:28:41,643 - WARNING - Missing required field 'filename' in metadata for cyberpunk_024.jpg
2025-07-14 21:28:41,643 - WARNING - Missing required field 'filename' in metadata for cyberpunk_030.jpg
2025-07-14 21:28:41,643 - WARNING - Missing required field 'filename' in metadata for cyberpunk_018.jpg
2025-07-14 21:28:41,643 - WARNING - Missing required field 'filename' in metadata for cyberpunk_026.jpg
2025-07-14 21:28:41,644 - WARNING - Missing required field 'filename' in metadata for cyberpunk_032.jpg
2025-07-14 21:28:41,644 - WARNING - Missing required field 'filename' in metadata for cyberpunk_033.jpg
2025-07-14 21:28:41,644 - WARNING - Missing required field 'filename' in metadata for cyberpunk_027.jpg
2025-07-14 21:28:41,644 - WARNING - Missing required field 'filename' in metadata for cyberpunk_016.jpg
2025-07-14 21:28:41,644 - WARNING - Missing required field 'filename' in metadata for cyberpunk_017.jpg
2025-07-14 21:28:41,644 - WARNING - Missing required field 'filename' in metadata for cyberpunk_003.jpg
2025-07-14 21:28:41,644 - WARNING - Missing required field 'filename' in metadata for cyberpunk_015.jpg
2025-07-14 21:28:41,645 - WARNING - Missing required field 'filename' in metadata for cyberpunk_001.jpg
2025-07-14 21:28:41,645 - WARNING - Missing required field 'filename' in metadata for cyberpunk_029.jpg
2025-07-14 21:28:41,645 - WARNING - Missing required field 'filename' in metadata for cyberpunk_028.jpg
2025-07-14 21:28:41,645 - WARNING - Missing required field 'filename' in metadata for cyberpunk_014.jpg
2025-07-14 21:28:41,645 - WARNING - Missing required field 'filename' in metadata for cyberpunk_038.jpg
2025-07-14 21:28:41,645 - WARNING - Missing required field 'filename' in metadata for cyberpunk_010.jpg
2025-07-14 21:28:41,645 - WARNING - Missing required field 'filename' in metadata for cyberpunk_004.jpg
2025-07-14 21:28:41,645 - WARNING - Missing required field 'filename' in metadata for cyberpunk_011.jpg
2025-07-14 21:28:41,645 - WARNING - Missing required field 'filename' in metadata for cyberpunk_039.jpg
2025-07-14 21:28:41,646 - WARNING - Missing required field 'filename' in metadata for cyberpunk_007.jpg
2025-07-14 21:28:41,646 - WARNING - Missing required field 'filename' in metadata for cyberpunk_013.jpg
2025-07-14 21:28:41,646 - WARNING - Missing required field 'filename' in metadata for cyberpunk_012.jpg
2025-07-14 21:28:41,646 - INFO - Found 0 wallpapers in category: cyberpunk
2025-07-14 21:28:41,646 - INFO - Generated category index: cyberpunk (0 wallpapers)
2025-07-14 21:28:41,646 - INFO - Generating index for category: gaming
2025-07-14 21:28:41,646 - WARNING - Missing required field 'filename' in metadata for gaming_052.jpg
2025-07-14 21:28:41,647 - WARNING - Missing required field 'filename' in metadata for gaming_046.jpg
2025-07-14 21:28:41,647 - WARNING - Missing required field 'filename' in metadata for gaming_091.jpg
2025-07-14 21:28:41,647 - WARNING - Missing required field 'filename' in metadata for gaming_085.jpg
2025-07-14 21:28:41,647 - WARNING - Missing required field 'filename' in metadata for gaming_084.jpg
2025-07-14 21:28:41,647 - WARNING - Missing required field 'filename' in metadata for gaming_079.jpg
2025-07-14 21:28:41,647 - WARNING - Missing required field 'filename' in metadata for gaming_086.jpg
2025-07-14 21:28:41,647 - WARNING - Missing required field 'filename' in metadata for gaming_092.jpg
2025-07-14 21:28:41,647 - WARNING - Missing required field 'filename' in metadata for gaming_093.jpg
2025-07-14 21:28:41,647 - WARNING - Missing required field 'filename' in metadata for gaming_050.jpg
2025-07-14 21:28:41,647 - WARNING - Missing required field 'filename' in metadata for gaming_044.jpg
2025-07-14 21:28:41,648 - WARNING - Missing required field 'filename' in metadata for gaming_078.jpg
2025-07-14 21:28:41,648 - WARNING - Missing required field 'filename' in metadata for gaming_083.jpg
2025-07-14 21:28:41,648 - WARNING - Missing required field 'filename' in metadata for gaming_096.jpg
2025-07-14 21:28:41,648 - WARNING - Missing required field 'filename' in metadata for gaming_082.jpg
2025-07-14 21:28:41,648 - WARNING - Missing required field 'filename' in metadata for gaming_069.jpg
2025-07-14 21:28:41,648 - WARNING - Missing required field 'filename' in metadata for gaming_055.jpg
2025-07-14 21:28:41,648 - WARNING - Missing required field 'filename' in metadata for gaming_041.jpg
2025-07-14 21:28:41,648 - WARNING - Missing required field 'filename' in metadata for gaming_094.jpg
2025-07-14 21:28:41,648 - WARNING - Missing required field 'filename' in metadata for gaming_080.jpg
2025-07-14 21:28:41,648 - WARNING - Missing required field 'filename' in metadata for gaming_095.jpg
2025-07-14 21:28:41,648 - WARNING - Missing required field 'filename' in metadata for gaming_056.jpg
2025-07-14 21:28:41,648 - WARNING - Missing required field 'filename' in metadata for gaming_019.jpg
2025-07-14 21:28:41,649 - WARNING - Missing required field 'filename' in metadata for gaming_031.jpg
2025-07-14 21:28:41,649 - WARNING - Missing required field 'filename' in metadata for gaming_025.jpg
2025-07-14 21:28:41,649 - WARNING - Missing required field 'filename' in metadata for gaming_024.jpg
2025-07-14 21:28:41,649 - WARNING - Missing required field 'filename' in metadata for gaming_026.jpg
2025-07-14 21:28:41,649 - WARNING - Missing required field 'filename' in metadata for gaming_032.jpg
2025-07-14 21:28:41,649 - WARNING - Missing required field 'filename' in metadata for gaming_033.jpg
2025-07-14 21:28:41,649 - WARNING - Missing required field 'filename' in metadata for gaming_027.jpg
2025-07-14 21:28:41,649 - WARNING - Missing required field 'filename' in metadata for gaming_037.jpg
2025-07-14 21:28:41,649 - WARNING - Missing required field 'filename' in metadata for gaming_036.jpg
2025-07-14 21:28:41,649 - WARNING - Missing required field 'filename' in metadata for gaming_022.jpg
2025-07-14 21:28:41,649 - WARNING - Missing required field 'filename' in metadata for gaming_034.jpg
2025-07-14 21:28:41,650 - WARNING - Missing required field 'filename' in metadata for gaming_020.jpg
2025-07-14 21:28:41,650 - WARNING - Missing required field 'filename' in metadata for gaming_008.jpg
2025-07-14 21:28:41,650 - WARNING - Missing required field 'filename' in metadata for gaming_009.jpg
2025-07-14 21:28:41,650 - WARNING - Missing required field 'filename' in metadata for gaming_021.jpg
2025-07-14 21:28:41,650 - WARNING - Missing required field 'filename' in metadata for gaming_035.jpg
2025-07-14 21:28:41,650 - WARNING - Missing required field 'filename' in metadata for gaming_010.jpg
2025-07-14 21:28:41,650 - WARNING - Missing required field 'filename' in metadata for gaming_004.jpg
2025-07-14 21:28:41,650 - WARNING - Missing required field 'filename' in metadata for gaming_005.jpg
2025-07-14 21:28:41,650 - WARNING - Missing required field 'filename' in metadata for gaming_011.jpg
2025-07-14 21:28:41,650 - WARNING - Missing required field 'filename' in metadata for gaming_039.jpg
2025-07-14 21:28:41,650 - WARNING - Missing required field 'filename' in metadata for gaming_007.jpg
2025-07-14 21:28:41,650 - WARNING - Missing required field 'filename' in metadata for gaming_013.jpg
2025-07-14 21:28:41,651 - WARNING - Missing required field 'filename' in metadata for gaming_012.jpg
2025-07-14 21:28:41,651 - WARNING - Missing required field 'filename' in metadata for gaming_006.jpg
2025-07-14 21:28:41,651 - WARNING - Missing required field 'filename' in metadata for gaming_002.jpg
2025-07-14 21:28:41,651 - WARNING - Missing required field 'filename' in metadata for gaming_016.jpg
2025-07-14 21:28:41,651 - WARNING - Missing required field 'filename' in metadata for gaming_017.jpg
2025-07-14 21:28:41,651 - WARNING - Missing required field 'filename' in metadata for gaming_003.jpg
2025-07-14 21:28:41,651 - WARNING - Missing required field 'filename' in metadata for gaming_015.jpg
2025-07-14 21:28:41,651 - WARNING - Missing required field 'filename' in metadata for gaming_001.jpg
2025-07-14 21:28:41,651 - WARNING - Missing required field 'filename' in metadata for gaming_029.jpg
2025-07-14 21:28:41,651 - WARNING - Missing required field 'filename' in metadata for gaming_028.jpg
2025-07-14 21:28:41,651 - WARNING - Missing required field 'filename' in metadata for gaming_067.jpg
2025-07-14 21:28:41,651 - WARNING - Missing required field 'filename' in metadata for gaming_098.jpg
2025-07-14 21:28:41,651 - WARNING - Missing required field 'filename' in metadata for gaming_099.jpg
2025-07-14 21:28:41,652 - WARNING - Missing required field 'filename' in metadata for gaming_066.jpg
2025-07-14 21:28:41,652 - WARNING - Missing required field 'filename' in metadata for gaming_058.jpg
2025-07-14 21:28:41,652 - WARNING - Missing required field 'filename' in metadata for gaming_064.jpg
2025-07-14 21:28:41,652 - WARNING - Missing required field 'filename' in metadata for gaming_070.jpg
2025-07-14 21:28:41,652 - WARNING - Missing required field 'filename' in metadata for gaming_104.jpg
2025-07-14 21:28:41,652 - WARNING - Missing required field 'filename' in metadata for gaming_105.jpg
2025-07-14 21:28:41,652 - WARNING - Missing required field 'filename' in metadata for gaming_071.jpg
2025-07-14 21:28:41,652 - WARNING - Missing required field 'filename' in metadata for gaming_065.jpg
2025-07-14 21:28:41,652 - WARNING - Missing required field 'filename' in metadata for gaming_059.jpg
2025-07-14 21:28:41,652 - WARNING - Missing required field 'filename' in metadata for gaming_061.jpg
2025-07-14 21:28:41,652 - WARNING - Missing required field 'filename' in metadata for gaming_101.jpg
2025-07-14 21:28:41,652 - WARNING - Missing required field 'filename' in metadata for gaming_048.jpg
2025-07-14 21:28:41,652 - WARNING - Missing required field 'filename' in metadata for gaming_060.jpg
2025-07-14 21:28:41,653 - WARNING - Missing required field 'filename' in metadata for gaming_076.jpg
2025-07-14 21:28:41,653 - WARNING - Missing required field 'filename' in metadata for gaming_062.jpg
2025-07-14 21:28:41,653 - WARNING - Missing required field 'filename' in metadata for gaming_102.jpg
2025-07-14 21:28:41,653 - WARNING - Missing required field 'filename' in metadata for gaming_077.jpg
2025-07-14 21:28:41,653 - INFO - Found 0 wallpapers in category: gaming
2025-07-14 21:28:41,653 - INFO - Generated category index: gaming (0 wallpapers)
2025-07-14 21:28:41,653 - INFO - Generating index for category: anime
2025-07-14 21:28:41,653 - WARNING - Missing required field 'filename' in metadata for anime_060.jpg
2025-07-14 21:28:41,653 - WARNING - Missing required field 'filename' in metadata for anime_048.jpg
2025-07-14 21:28:41,653 - WARNING - Missing required field 'filename' in metadata for anime_061.jpg
2025-07-14 21:28:41,654 - WARNING - Missing required field 'filename' in metadata for anime_063.jpg
2025-07-14 21:28:41,654 - WARNING - Missing required field 'filename' in metadata for anime_089.jpg
2025-07-14 21:28:41,654 - WARNING - Missing required field 'filename' in metadata for anime_062.jpg
2025-07-14 21:28:41,654 - WARNING - Missing required field 'filename' in metadata for anime_076.jpg
2025-07-14 21:28:41,654 - WARNING - Missing required field 'filename' in metadata for anime_066.jpg
2025-07-14 21:28:41,654 - WARNING - Missing required field 'filename' in metadata for anime_067.jpg
2025-07-14 21:28:41,654 - WARNING - Missing required field 'filename' in metadata for anime_059.jpg
2025-07-14 21:28:41,654 - WARNING - Missing required field 'filename' in metadata for anime_065.jpg
2025-07-14 21:28:41,654 - WARNING - Missing required field 'filename' in metadata for anime_071.jpg
2025-07-14 21:28:41,654 - WARNING - Missing required field 'filename' in metadata for anime_064.jpg
2025-07-14 21:28:41,654 - WARNING - Missing required field 'filename' in metadata for anime_058.jpg
2025-07-14 21:28:41,654 - WARNING - Missing required field 'filename' in metadata for anime_003.jpg
2025-07-14 21:28:41,654 - WARNING - Missing required field 'filename' in metadata for anime_017.jpg
2025-07-14 21:28:41,655 - WARNING - Missing required field 'filename' in metadata for anime_016.jpg
2025-07-14 21:28:41,655 - WARNING - Missing required field 'filename' in metadata for anime_014.jpg
2025-07-14 21:28:41,655 - WARNING - Missing required field 'filename' in metadata for anime_028.jpg
2025-07-14 21:28:41,655 - WARNING - Missing required field 'filename' in metadata for anime_029.jpg
2025-07-14 21:28:41,655 - WARNING - Missing required field 'filename' in metadata for anime_015.jpg
2025-07-14 21:28:41,655 - WARNING - Missing required field 'filename' in metadata for anime_039.jpg
2025-07-14 21:28:41,655 - WARNING - Missing required field 'filename' in metadata for anime_011.jpg
2025-07-14 21:28:41,655 - WARNING - Missing required field 'filename' in metadata for anime_005.jpg
2025-07-14 21:28:41,655 - WARNING - Missing required field 'filename' in metadata for anime_004.jpg
2025-07-14 21:28:41,655 - WARNING - Missing required field 'filename' in metadata for anime_010.jpg
2025-07-14 21:28:41,655 - WARNING - Missing required field 'filename' in metadata for anime_006.jpg
2025-07-14 21:28:41,656 - WARNING - Missing required field 'filename' in metadata for anime_012.jpg
2025-07-14 21:28:41,656 - WARNING - Missing required field 'filename' in metadata for anime_013.jpg
2025-07-14 21:28:41,656 - WARNING - Missing required field 'filename' in metadata for anime_022.jpg
2025-07-14 21:28:41,656 - WARNING - Missing required field 'filename' in metadata for anime_036.jpg
2025-07-14 21:28:41,656 - WARNING - Missing required field 'filename' in metadata for anime_037.jpg
2025-07-14 21:28:41,656 - WARNING - Missing required field 'filename' in metadata for anime_023.jpg
2025-07-14 21:28:41,656 - WARNING - Missing required field 'filename' in metadata for anime_021.jpg
2025-07-14 21:28:41,656 - WARNING - Missing required field 'filename' in metadata for anime_008.jpg
2025-07-14 21:28:41,656 - WARNING - Missing required field 'filename' in metadata for anime_020.jpg
2025-07-14 21:28:41,656 - WARNING - Missing required field 'filename' in metadata for anime_034.jpg
2025-07-14 21:28:41,657 - WARNING - Missing required field 'filename' in metadata for anime_024.jpg
2025-07-14 21:28:41,657 - WARNING - Missing required field 'filename' in metadata for anime_031.jpg
2025-07-14 21:28:41,657 - WARNING - Missing required field 'filename' in metadata for anime_027.jpg
2025-07-14 21:28:41,657 - WARNING - Missing required field 'filename' in metadata for anime_033.jpg
2025-07-14 21:28:41,657 - WARNING - Missing required field 'filename' in metadata for anime_026.jpg
2025-07-14 21:28:41,657 - WARNING - Missing required field 'filename' in metadata for anime_041.jpg
2025-07-14 21:28:41,657 - WARNING - Missing required field 'filename' in metadata for anime_055.jpg
2025-07-14 21:28:41,657 - WARNING - Missing required field 'filename' in metadata for anime_069.jpg
2025-07-14 21:28:41,657 - WARNING - Missing required field 'filename' in metadata for anime_068.jpg
2025-07-14 21:28:41,657 - WARNING - Missing required field 'filename' in metadata for anime_054.jpg
2025-07-14 21:28:41,657 - WARNING - Missing required field 'filename' in metadata for anime_040.jpg
2025-07-14 21:28:41,657 - WARNING - Missing required field 'filename' in metadata for anime_042.jpg
2025-07-14 21:28:41,658 - WARNING - Missing required field 'filename' in metadata for anime_080.jpg
2025-07-14 21:28:41,658 - WARNING - Missing required field 'filename' in metadata for anime_094.jpg
2025-07-14 21:28:41,658 - WARNING - Missing required field 'filename' in metadata for anime_043.jpg
2025-07-14 21:28:41,658 - WARNING - Missing required field 'filename' in metadata for anime_053.jpg
2025-07-14 21:28:41,658 - WARNING - Missing required field 'filename' in metadata for anime_047.jpg
2025-07-14 21:28:41,658 - WARNING - Missing required field 'filename' in metadata for anime_046.jpg
2025-07-14 21:28:41,658 - WARNING - Missing required field 'filename' in metadata for anime_052.jpg
2025-07-14 21:28:41,658 - WARNING - Missing required field 'filename' in metadata for anime_050.jpg
2025-07-14 21:28:41,658 - WARNING - Missing required field 'filename' in metadata for anime_045.jpg
2025-07-14 21:28:41,658 - INFO - Found 0 wallpapers in category: anime
2025-07-14 21:28:41,658 - INFO - Generated category index: anime (0 wallpapers)
2025-07-14 21:28:41,658 - INFO - Generating index for category: movies
2025-07-14 21:28:41,658 - INFO - Found 0 wallpapers in category: movies
2025-07-14 21:28:41,659 - INFO - Generated category index: movies (0 wallpapers)
2025-07-14 21:28:41,659 - INFO - Generating index for category: music
2025-07-14 21:28:41,659 - INFO - Found 0 wallpapers in category: music
2025-07-14 21:28:41,659 - INFO - Generated category index: music (0 wallpapers)
2025-07-14 21:28:41,659 - INFO - Generating index for category: cars
2025-07-14 21:28:41,659 - WARNING - Missing required field 'filename' in metadata for cars_023.jpg
2025-07-14 21:28:41,659 - WARNING - Missing required field 'filename' in metadata for cars_022.jpg
2025-07-14 21:28:41,659 - WARNING - Missing required field 'filename' in metadata for cars_008.jpg
2025-07-14 21:28:41,659 - WARNING - Missing required field 'filename' in metadata for cars_020.jpg
2025-07-14 21:28:41,659 - WARNING - Missing required field 'filename' in metadata for cars_021.jpg
2025-07-14 21:28:41,660 - WARNING - Missing required field 'filename' in metadata for cars_009.jpg
2025-07-14 21:28:41,660 - WARNING - Missing required field 'filename' in metadata for cars_025.jpg
2025-07-14 21:28:41,660 - WARNING - Missing required field 'filename' in metadata for cars_031.jpg
2025-07-14 21:28:41,660 - WARNING - Missing required field 'filename' in metadata for cars_019.jpg
2025-07-14 21:28:41,660 - WARNING - Missing required field 'filename' in metadata for cars_018.jpg
2025-07-14 21:28:41,660 - WARNING - Missing required field 'filename' in metadata for cars_030.jpg
2025-07-14 21:28:41,661 - WARNING - Missing required field 'filename' in metadata for cars_024.jpg
2025-07-14 21:28:41,661 - WARNING - Missing required field 'filename' in metadata for cars_016.jpg
2025-07-14 21:28:41,661 - WARNING - Missing required field 'filename' in metadata for cars_002.jpg
2025-07-14 21:28:41,661 - WARNING - Missing required field 'filename' in metadata for cars_003.jpg
2025-07-14 21:28:41,661 - WARNING - Missing required field 'filename' in metadata for cars_017.jpg
2025-07-14 21:28:41,661 - WARNING - Missing required field 'filename' in metadata for cars_029.jpg
2025-07-14 21:28:41,661 - WARNING - Missing required field 'filename' in metadata for cars_001.jpg
2025-07-14 21:28:41,661 - WARNING - Missing required field 'filename' in metadata for cars_015.jpg
2025-07-14 21:28:41,661 - WARNING - Missing required field 'filename' in metadata for cars_014.jpg
2025-07-14 21:28:41,661 - WARNING - Missing required field 'filename' in metadata for cars_028.jpg
2025-07-14 21:28:41,662 - WARNING - Missing required field 'filename' in metadata for cars_004.jpg
2025-07-14 21:28:41,662 - WARNING - Missing required field 'filename' in metadata for cars_010.jpg
2025-07-14 21:28:41,662 - WARNING - Missing required field 'filename' in metadata for cars_011.jpg
2025-07-14 21:28:41,662 - WARNING - Missing required field 'filename' in metadata for cars_005.jpg
2025-07-14 21:28:41,662 - WARNING - Missing required field 'filename' in metadata for cars_013.jpg
2025-07-14 21:28:41,662 - WARNING - Missing required field 'filename' in metadata for cars_007.jpg
2025-07-14 21:28:41,662 - WARNING - Missing required field 'filename' in metadata for cars_006.jpg
2025-07-14 21:28:41,662 - WARNING - Missing required field 'filename' in metadata for cars_012.jpg
2025-07-14 21:28:41,662 - INFO - Found 0 wallpapers in category: cars
2025-07-14 21:28:41,663 - INFO - Generated category index: cars (0 wallpapers)
2025-07-14 21:28:41,663 - INFO - Generating index for category: sports
2025-07-14 21:28:41,663 - INFO - Found 0 wallpapers in category: sports
2025-07-14 21:28:41,663 - INFO - Generated category index: sports (0 wallpapers)
2025-07-14 21:28:41,663 - INFO - Generating index for category: technology
2025-07-14 21:28:41,664 - INFO - Found 10 wallpapers in category: technology
2025-07-14 21:28:41,665 - INFO - Generated category index: technology (10 wallpapers)
2025-07-14 21:28:41,665 - INFO - Generating index for category: architecture
2025-07-14 21:28:41,665 - INFO - Found 0 wallpapers in category: architecture
2025-07-14 21:28:41,665 - INFO - Generated category index: architecture (0 wallpapers)
2025-07-14 21:28:41,665 - INFO - Generating index for category: art
2025-07-14 21:28:41,665 - INFO - Found 0 wallpapers in category: art
2025-07-14 21:28:41,666 - INFO - Generated category index: art (0 wallpapers)
2025-07-14 21:28:41,666 - INFO - Generating index for category: dark
2025-07-14 21:28:41,666 - WARNING - Missing required field 'filename' in metadata for dark_010.jpg
2025-07-14 21:28:41,666 - WARNING - Missing required field 'filename' in metadata for dark_004.jpg
2025-07-14 21:28:41,666 - WARNING - Missing required field 'filename' in metadata for dark_039.jpg
2025-07-14 21:28:41,666 - WARNING - Missing required field 'filename' in metadata for dark_005.jpg
2025-07-14 21:28:41,666 - WARNING - Missing required field 'filename' in metadata for dark_011.jpg
2025-07-14 21:28:41,666 - WARNING - Missing required field 'filename' in metadata for dark_007.jpg
2025-07-14 21:28:41,666 - WARNING - Missing required field 'filename' in metadata for dark_013.jpg
2025-07-14 21:28:41,666 - WARNING - Missing required field 'filename' in metadata for dark_012.jpg
2025-07-14 21:28:41,666 - WARNING - Missing required field 'filename' in metadata for dark_006.jpg
2025-07-14 21:28:41,666 - WARNING - Missing required field 'filename' in metadata for dark_002.jpg
2025-07-14 21:28:41,667 - WARNING - Missing required field 'filename' in metadata for dark_016.jpg
2025-07-14 21:28:41,667 - WARNING - Missing required field 'filename' in metadata for dark_017.jpg
2025-07-14 21:28:41,667 - WARNING - Missing required field 'filename' in metadata for dark_003.jpg
2025-07-14 21:28:41,667 - WARNING - Missing required field 'filename' in metadata for dark_029.jpg
2025-07-14 21:28:41,667 - WARNING - Missing required field 'filename' in metadata for dark_015.jpg
2025-07-14 21:28:41,667 - WARNING - Missing required field 'filename' in metadata for dark_001.jpg
2025-07-14 21:28:41,668 - WARNING - Missing required field 'filename' in metadata for dark_028.jpg
2025-07-14 21:28:41,668 - WARNING - Missing required field 'filename' in metadata for dark_067.jpg
2025-07-14 21:28:41,668 - WARNING - Missing required field 'filename' in metadata for dark_107.jpg
2025-07-14 21:28:41,668 - WARNING - Missing required field 'filename' in metadata for dark_113.jpg
2025-07-14 21:28:41,668 - WARNING - Missing required field 'filename' in metadata for dark_106.jpg
2025-07-14 21:28:41,668 - WARNING - Missing required field 'filename' in metadata for dark_099.jpg
2025-07-14 21:28:41,668 - WARNING - Missing required field 'filename' in metadata for dark_066.jpg
2025-07-14 21:28:41,668 - WARNING - Missing required field 'filename' in metadata for dark_072.jpg
2025-07-14 21:28:41,669 - WARNING - Missing required field 'filename' in metadata for dark_105.jpg
2025-07-14 21:28:41,669 - WARNING - Missing required field 'filename' in metadata for dark_059.jpg
2025-07-14 21:28:41,669 - WARNING - Missing required field 'filename' in metadata for dark_049.jpg
2025-07-14 21:28:41,669 - WARNING - Missing required field 'filename' in metadata for dark_061.jpg
2025-07-14 21:28:41,669 - WARNING - Missing required field 'filename' in metadata for dark_115.jpg
2025-07-14 21:28:41,669 - WARNING - Missing required field 'filename' in metadata for dark_101.jpg
2025-07-14 21:28:41,669 - WARNING - Missing required field 'filename' in metadata for dark_114.jpg
2025-07-14 21:28:41,670 - WARNING - Missing required field 'filename' in metadata for dark_074.jpg
2025-07-14 21:28:41,670 - WARNING - Missing required field 'filename' in metadata for dark_048.jpg
2025-07-14 21:28:41,670 - WARNING - Missing required field 'filename' in metadata for dark_116.jpg
2025-07-14 21:28:41,670 - WARNING - Missing required field 'filename' in metadata for dark_077.jpg
2025-07-14 21:28:41,670 - WARNING - Missing required field 'filename' in metadata for dark_052.jpg
2025-07-14 21:28:41,670 - WARNING - Missing required field 'filename' in metadata for dark_046.jpg
2025-07-14 21:28:41,671 - WARNING - Missing required field 'filename' in metadata for dark_091.jpg
2025-07-14 21:28:41,671 - WARNING - Missing required field 'filename' in metadata for dark_085.jpg
2025-07-14 21:28:41,671 - WARNING - Missing required field 'filename' in metadata for dark_047.jpg
2025-07-14 21:28:41,671 - WARNING - Missing required field 'filename' in metadata for dark_053.jpg
2025-07-14 21:28:41,671 - WARNING - Missing required field 'filename' in metadata for dark_045.jpg
2025-07-14 21:28:41,671 - WARNING - Missing required field 'filename' in metadata for dark_051.jpg
2025-07-14 21:28:41,671 - WARNING - Missing required field 'filename' in metadata for dark_086.jpg
2025-07-14 21:28:41,672 - WARNING - Missing required field 'filename' in metadata for dark_087.jpg
2025-07-14 21:28:41,672 - WARNING - Missing required field 'filename' in metadata for dark_078.jpg
2025-07-14 21:28:41,672 - WARNING - Missing required field 'filename' in metadata for dark_050.jpg
2025-07-14 21:28:41,672 - WARNING - Missing required field 'filename' in metadata for dark_044.jpg
2025-07-14 21:28:41,672 - WARNING - Missing required field 'filename' in metadata for dark_040.jpg
2025-07-14 21:28:41,672 - WARNING - Missing required field 'filename' in metadata for dark_108.jpg
2025-07-14 21:28:41,672 - WARNING - Missing required field 'filename' in metadata for dark_096.jpg
2025-07-14 21:28:41,673 - WARNING - Missing required field 'filename' in metadata for dark_082.jpg
2025-07-14 21:28:41,673 - WARNING - Missing required field 'filename' in metadata for dark_069.jpg
2025-07-14 21:28:41,673 - WARNING - Missing required field 'filename' in metadata for dark_043.jpg
2025-07-14 21:28:41,673 - WARNING - Missing required field 'filename' in metadata for dark_095.jpg
2025-07-14 21:28:41,673 - WARNING - Missing required field 'filename' in metadata for dark_042.jpg
2025-07-14 21:28:41,673 - WARNING - Missing required field 'filename' in metadata for dark_056.jpg
2025-07-14 21:28:41,673 - WARNING - Missing required field 'filename' in metadata for dark_031.jpg
2025-07-14 21:28:41,673 - WARNING - Missing required field 'filename' in metadata for dark_025.jpg
2025-07-14 21:28:41,674 - WARNING - Missing required field 'filename' in metadata for dark_019.jpg
2025-07-14 21:28:41,674 - WARNING - Missing required field 'filename' in metadata for dark_018.jpg
2025-07-14 21:28:41,674 - WARNING - Missing required field 'filename' in metadata for dark_024.jpg
2025-07-14 21:28:41,674 - WARNING - Missing required field 'filename' in metadata for dark_030.jpg
2025-07-14 21:28:41,674 - WARNING - Missing required field 'filename' in metadata for dark_026.jpg
2025-07-14 21:28:41,674 - WARNING - Missing required field 'filename' in metadata for dark_032.jpg
2025-07-14 21:28:41,674 - WARNING - Missing required field 'filename' in metadata for dark_027.jpg
2025-07-14 21:28:41,674 - WARNING - Missing required field 'filename' in metadata for dark_023.jpg
2025-07-14 21:28:41,675 - WARNING - Missing required field 'filename' in metadata for dark_037.jpg
2025-07-14 21:28:41,675 - WARNING - Missing required field 'filename' in metadata for dark_036.jpg
2025-07-14 21:28:41,675 - WARNING - Missing required field 'filename' in metadata for dark_008.jpg
2025-07-14 21:28:41,675 - WARNING - Missing required field 'filename' in metadata for dark_034.jpg
2025-07-14 21:28:41,675 - WARNING - Missing required field 'filename' in metadata for dark_020.jpg
2025-07-14 21:28:41,675 - WARNING - Missing required field 'filename' in metadata for dark_021.jpg
2025-07-14 21:28:41,675 - WARNING - Missing required field 'filename' in metadata for dark_035.jpg
2025-07-14 21:28:41,675 - WARNING - Missing required field 'filename' in metadata for dark_009.jpg
2025-07-14 21:28:41,675 - INFO - Found 0 wallpapers in category: dark
2025-07-14 21:28:41,676 - INFO - Generated category index: dark (0 wallpapers)
2025-07-14 21:28:41,676 - INFO - Generating index for category: neon
2025-07-14 21:28:41,676 - INFO - Found 0 wallpapers in category: neon
2025-07-14 21:28:41,676 - INFO - Generated category index: neon (0 wallpapers)
2025-07-14 21:28:41,676 - INFO - Generating index for category: pastel
2025-07-14 21:28:41,676 - INFO - Found 0 wallpapers in category: pastel
2025-07-14 21:28:41,676 - INFO - Generated category index: pastel (0 wallpapers)
2025-07-14 21:28:41,676 - INFO - Generating index for category: vintage
2025-07-14 21:28:41,676 - INFO - Found 0 wallpapers in category: vintage
2025-07-14 21:28:41,677 - INFO - Generated category index: vintage (0 wallpapers)
2025-07-14 21:28:41,677 - INFO - Generating index for category: gradient
2025-07-14 21:28:41,677 - INFO - Found 0 wallpapers in category: gradient
2025-07-14 21:28:41,677 - INFO - Generated category index: gradient (0 wallpapers)
2025-07-14 21:28:41,677 - INFO - Generating index for category: seasonal
2025-07-14 21:28:41,677 - INFO - Found 0 wallpapers in category: seasonal
2025-07-14 21:28:41,677 - INFO - Generated category index: seasonal (0 wallpapers)
2025-07-14 21:28:41,678 - INFO - Generated master index with 137 wallpapers across 20 categories
2025-07-14 21:28:41,678 - INFO - Validating generated indexes
2025-07-14 21:28:41,679 - INFO - All indexes validated successfully
2025-07-14 21:31:25,265 - INFO - Generating master index
2025-07-14 21:31:25,265 - INFO - Generating index for category: abstract
2025-07-14 21:31:25,270 - INFO - Found 100 wallpapers in category: abstract
2025-07-14 21:31:25,272 - INFO - Generated category index: abstract (100 wallpapers)
2025-07-14 21:31:25,272 - INFO - Generating index for category: nature
2025-07-14 21:31:25,273 - INFO - Found 21 wallpapers in category: nature
2025-07-14 21:31:25,274 - INFO - Generated category index: nature (21 wallpapers)
2025-07-14 21:31:25,274 - INFO - Generating index for category: space
2025-07-14 21:31:25,274 - INFO - Found 6 wallpapers in category: space
2025-07-14 21:31:25,275 - INFO - Generated category index: space (6 wallpapers)
2025-07-14 21:31:25,275 - INFO - Generating index for category: minimal
2025-07-14 21:31:25,277 - INFO - Found 46 wallpapers in category: minimal
2025-07-14 21:31:25,277 - INFO - Generated category index: minimal (46 wallpapers)
2025-07-14 21:31:25,277 - INFO - Generating index for category: cyberpunk
2025-07-14 21:31:25,279 - INFO - Found 41 wallpapers in category: cyberpunk
2025-07-14 21:31:25,279 - INFO - Generated category index: cyberpunk (41 wallpapers)
2025-07-14 21:31:25,279 - INFO - Generating index for category: gaming
2025-07-14 21:31:25,283 - INFO - Found 76 wallpapers in category: gaming
2025-07-14 21:31:25,284 - INFO - Generated category index: gaming (76 wallpapers)
2025-07-14 21:31:25,284 - INFO - Generating index for category: anime
2025-07-14 21:31:25,286 - INFO - Found 58 wallpapers in category: anime
2025-07-14 21:31:25,287 - INFO - Generated category index: anime (58 wallpapers)
2025-07-14 21:31:25,287 - INFO - Generating index for category: movies
2025-07-14 21:31:25,287 - INFO - Found 0 wallpapers in category: movies
2025-07-14 21:31:25,287 - INFO - Generated category index: movies (0 wallpapers)
2025-07-14 21:31:25,287 - INFO - Generating index for category: music
2025-07-14 21:31:25,287 - INFO - Found 0 wallpapers in category: music
2025-07-14 21:31:25,287 - INFO - Generated category index: music (0 wallpapers)
2025-07-14 21:31:25,287 - INFO - Generating index for category: cars
2025-07-14 21:31:25,289 - INFO - Found 29 wallpapers in category: cars
2025-07-14 21:31:25,289 - INFO - Generated category index: cars (29 wallpapers)
2025-07-14 21:31:25,289 - INFO - Generating index for category: sports
2025-07-14 21:31:25,289 - INFO - Found 0 wallpapers in category: sports
2025-07-14 21:31:25,289 - INFO - Generated category index: sports (0 wallpapers)
2025-07-14 21:31:25,289 - INFO - Generating index for category: technology
2025-07-14 21:31:25,290 - INFO - Found 10 wallpapers in category: technology
2025-07-14 21:31:25,290 - INFO - Generated category index: technology (10 wallpapers)
2025-07-14 21:31:25,290 - INFO - Generating index for category: architecture
2025-07-14 21:31:25,290 - INFO - Found 0 wallpapers in category: architecture
2025-07-14 21:31:25,290 - INFO - Generated category index: architecture (0 wallpapers)
2025-07-14 21:31:25,290 - INFO - Generating index for category: art
2025-07-14 21:31:25,291 - INFO - Found 0 wallpapers in category: art
2025-07-14 21:31:25,291 - INFO - Generated category index: art (0 wallpapers)
2025-07-14 21:31:25,291 - INFO - Generating index for category: dark
2025-07-14 21:31:25,294 - INFO - Found 75 wallpapers in category: dark
2025-07-14 21:31:25,295 - INFO - Generated category index: dark (75 wallpapers)
2025-07-14 21:31:25,295 - INFO - Generating index for category: neon
2025-07-14 21:31:25,295 - INFO - Found 0 wallpapers in category: neon
2025-07-14 21:31:25,295 - INFO - Generated category index: neon (0 wallpapers)
2025-07-14 21:31:25,295 - INFO - Generating index for category: pastel
2025-07-14 21:31:25,295 - INFO - Found 0 wallpapers in category: pastel
2025-07-14 21:31:25,295 - INFO - Generated category index: pastel (0 wallpapers)
2025-07-14 21:31:25,295 - INFO - Generating index for category: vintage
2025-07-14 21:31:25,295 - INFO - Found 0 wallpapers in category: vintage
2025-07-14 21:31:25,295 - INFO - Generated category index: vintage (0 wallpapers)
2025-07-14 21:31:25,295 - INFO - Generating index for category: gradient
2025-07-14 21:31:25,295 - INFO - Found 0 wallpapers in category: gradient
2025-07-14 21:31:25,295 - INFO - Generated category index: gradient (0 wallpapers)
2025-07-14 21:31:25,295 - INFO - Generating index for category: seasonal
2025-07-14 21:31:25,295 - INFO - Found 0 wallpapers in category: seasonal
2025-07-14 21:31:25,295 - INFO - Generated category index: seasonal (0 wallpapers)
2025-07-14 21:31:25,296 - INFO - Generated master index with 462 wallpapers across 20 categories
2025-07-14 21:31:25,296 - INFO - Validating generated indexes
2025-07-14 21:31:25,298 - INFO - All indexes validated successfully
2025-07-14 21:39:06,467 - INFO - Generating master index
2025-07-14 21:39:06,468 - INFO - Generating index for category: abstract
2025-07-14 21:39:06,474 - INFO - Found 44 wallpapers in category: abstract
2025-07-14 21:39:06,475 - INFO - Generated category index: abstract (44 wallpapers)
2025-07-14 21:39:06,475 - INFO - Generating index for category: nature
2025-07-14 21:39:06,478 - INFO - Found 21 wallpapers in category: nature
2025-07-14 21:39:06,479 - INFO - Generated category index: nature (21 wallpapers)
2025-07-14 21:39:06,479 - INFO - Generating index for category: space
2025-07-14 21:39:06,480 - INFO - Found 6 wallpapers in category: space
2025-07-14 21:39:06,480 - INFO - Generated category index: space (6 wallpapers)
2025-07-14 21:39:06,480 - INFO - Generating index for category: minimal
2025-07-14 21:39:06,484 - INFO - Found 46 wallpapers in category: minimal
2025-07-14 21:39:06,485 - INFO - Generated category index: minimal (46 wallpapers)
2025-07-14 21:39:06,485 - INFO - Generating index for category: cyberpunk
2025-07-14 21:39:06,488 - INFO - Found 41 wallpapers in category: cyberpunk
2025-07-14 21:39:06,489 - INFO - Generated category index: cyberpunk (41 wallpapers)
2025-07-14 21:39:06,489 - INFO - Generating index for category: gaming
2025-07-14 21:39:06,495 - INFO - Found 76 wallpapers in category: gaming
2025-07-14 21:39:06,496 - INFO - Generated category index: gaming (76 wallpapers)
2025-07-14 21:39:06,496 - INFO - Generating index for category: anime
2025-07-14 21:39:06,501 - INFO - Found 58 wallpapers in category: anime
2025-07-14 21:39:06,502 - INFO - Generated category index: anime (58 wallpapers)
2025-07-14 21:39:06,502 - INFO - Generating index for category: movies
2025-07-14 21:39:06,502 - INFO - Found 0 wallpapers in category: movies
2025-07-14 21:39:06,503 - INFO - Generated category index: movies (0 wallpapers)
2025-07-14 21:39:06,503 - INFO - Generating index for category: music
2025-07-14 21:39:06,503 - INFO - Found 0 wallpapers in category: music
2025-07-14 21:39:06,503 - INFO - Generated category index: music (0 wallpapers)
2025-07-14 21:39:06,503 - INFO - Generating index for category: cars
2025-07-14 21:39:06,505 - INFO - Found 29 wallpapers in category: cars
2025-07-14 21:39:06,506 - INFO - Generated category index: cars (29 wallpapers)
2025-07-14 21:39:06,506 - INFO - Generating index for category: sports
2025-07-14 21:39:06,506 - INFO - Found 0 wallpapers in category: sports
2025-07-14 21:39:06,506 - INFO - Generated category index: sports (0 wallpapers)
2025-07-14 21:39:06,506 - INFO - Generating index for category: technology
2025-07-14 21:39:06,507 - INFO - Found 10 wallpapers in category: technology
2025-07-14 21:39:06,508 - INFO - Generated category index: technology (10 wallpapers)
2025-07-14 21:39:06,508 - INFO - Generating index for category: architecture
2025-07-14 21:39:06,508 - INFO - Found 0 wallpapers in category: architecture
2025-07-14 21:39:06,508 - INFO - Generated category index: architecture (0 wallpapers)
2025-07-14 21:39:06,508 - INFO - Generating index for category: art
2025-07-14 21:39:06,508 - INFO - Found 0 wallpapers in category: art
2025-07-14 21:39:06,508 - INFO - Generated category index: art (0 wallpapers)
2025-07-14 21:39:06,508 - INFO - Generating index for category: dark
2025-07-14 21:39:06,514 - INFO - Found 75 wallpapers in category: dark
2025-07-14 21:39:06,515 - INFO - Generated category index: dark (75 wallpapers)
2025-07-14 21:39:06,515 - INFO - Generating index for category: neon
2025-07-14 21:39:06,515 - INFO - Found 0 wallpapers in category: neon
2025-07-14 21:39:06,515 - INFO - Generated category index: neon (0 wallpapers)
2025-07-14 21:39:06,515 - INFO - Generating index for category: pastel
2025-07-14 21:39:06,515 - INFO - Found 0 wallpapers in category: pastel
2025-07-14 21:39:06,516 - INFO - Generated category index: pastel (0 wallpapers)
2025-07-14 21:39:06,516 - INFO - Generating index for category: vintage
2025-07-14 21:39:06,516 - INFO - Found 0 wallpapers in category: vintage
2025-07-14 21:39:06,516 - INFO - Generated category index: vintage (0 wallpapers)
2025-07-14 21:39:06,516 - INFO - Generating index for category: gradient
2025-07-14 21:39:06,516 - INFO - Found 0 wallpapers in category: gradient
2025-07-14 21:39:06,516 - INFO - Generated category index: gradient (0 wallpapers)
2025-07-14 21:39:06,516 - INFO - Generating index for category: seasonal
2025-07-14 21:39:06,516 - INFO - Found 0 wallpapers in category: seasonal
2025-07-14 21:39:06,516 - INFO - Generated category index: seasonal (0 wallpapers)
2025-07-14 21:39:06,517 - INFO - Generated master index with 406 wallpapers across 20 categories
2025-07-14 21:39:06,518 - INFO - Validating generated indexes
2025-07-14 21:39:06,519 - INFO - All indexes validated successfully
2025-07-14 21:43:13,124 - INFO - Generating master index
2025-07-14 21:43:13,124 - INFO - Generating index for category: abstract
2025-07-14 21:43:13,132 - INFO - Found 44 wallpapers in category: abstract
2025-07-14 21:43:13,133 - INFO - Generated category index: abstract (44 wallpapers)
2025-07-14 21:43:13,133 - INFO - Generating index for category: nature
2025-07-14 21:43:13,136 - INFO - Found 21 wallpapers in category: nature
2025-07-14 21:43:13,137 - INFO - Generated category index: nature (21 wallpapers)
2025-07-14 21:43:13,137 - INFO - Generating index for category: space
2025-07-14 21:43:13,141 - INFO - Found 30 wallpapers in category: space
2025-07-14 21:43:13,141 - INFO - Generated category index: space (30 wallpapers)
2025-07-14 21:43:13,142 - INFO - Generating index for category: minimal
2025-07-14 21:43:13,146 - INFO - Found 46 wallpapers in category: minimal
2025-07-14 21:43:13,147 - INFO - Generated category index: minimal (46 wallpapers)
2025-07-14 21:43:13,147 - INFO - Generating index for category: cyberpunk
2025-07-14 21:43:13,151 - INFO - Found 41 wallpapers in category: cyberpunk
2025-07-14 21:43:13,152 - INFO - Generated category index: cyberpunk (41 wallpapers)
2025-07-14 21:43:13,152 - INFO - Generating index for category: gaming
2025-07-14 21:43:13,159 - INFO - Found 76 wallpapers in category: gaming
2025-07-14 21:43:13,160 - INFO - Generated category index: gaming (76 wallpapers)
2025-07-14 21:43:13,160 - INFO - Generating index for category: anime
2025-07-14 21:43:13,165 - INFO - Found 58 wallpapers in category: anime
2025-07-14 21:43:13,167 - INFO - Generated category index: anime (58 wallpapers)
2025-07-14 21:43:13,167 - INFO - Generating index for category: movies
2025-07-14 21:43:13,167 - INFO - Found 0 wallpapers in category: movies
2025-07-14 21:43:13,167 - INFO - Generated category index: movies (0 wallpapers)
2025-07-14 21:43:13,167 - INFO - Generating index for category: music
2025-07-14 21:43:13,167 - INFO - Found 0 wallpapers in category: music
2025-07-14 21:43:13,167 - INFO - Generated category index: music (0 wallpapers)
2025-07-14 21:43:13,167 - INFO - Generating index for category: cars
2025-07-14 21:43:13,171 - INFO - Found 29 wallpapers in category: cars
2025-07-14 21:43:13,171 - INFO - Generated category index: cars (29 wallpapers)
2025-07-14 21:43:13,171 - INFO - Generating index for category: sports
2025-07-14 21:43:13,172 - INFO - Found 0 wallpapers in category: sports
2025-07-14 21:43:13,172 - INFO - Generated category index: sports (0 wallpapers)
2025-07-14 21:43:13,172 - INFO - Generating index for category: technology
2025-07-14 21:43:13,173 - INFO - Found 10 wallpapers in category: technology
2025-07-14 21:43:13,174 - INFO - Generated category index: technology (10 wallpapers)
2025-07-14 21:43:13,174 - INFO - Generating index for category: architecture
2025-07-14 21:43:13,174 - INFO - Found 0 wallpapers in category: architecture
2025-07-14 21:43:13,174 - INFO - Generated category index: architecture (0 wallpapers)
2025-07-14 21:43:13,174 - INFO - Generating index for category: art
2025-07-14 21:43:13,174 - INFO - Found 0 wallpapers in category: art
2025-07-14 21:43:13,175 - INFO - Generated category index: art (0 wallpapers)
2025-07-14 21:43:13,175 - INFO - Generating index for category: dark
2025-07-14 21:43:13,181 - INFO - Found 75 wallpapers in category: dark
2025-07-14 21:43:13,182 - INFO - Generated category index: dark (75 wallpapers)
2025-07-14 21:43:13,183 - INFO - Generating index for category: neon
2025-07-14 21:43:13,183 - INFO - Found 0 wallpapers in category: neon
2025-07-14 21:43:13,183 - INFO - Generated category index: neon (0 wallpapers)
2025-07-14 21:43:13,183 - INFO - Generating index for category: pastel
2025-07-14 21:43:13,183 - INFO - Found 0 wallpapers in category: pastel
2025-07-14 21:43:13,183 - INFO - Generated category index: pastel (0 wallpapers)
2025-07-14 21:43:13,183 - INFO - Generating index for category: vintage
2025-07-14 21:43:13,183 - INFO - Found 0 wallpapers in category: vintage
2025-07-14 21:43:13,183 - INFO - Generated category index: vintage (0 wallpapers)
2025-07-14 21:43:13,183 - INFO - Generating index for category: gradient
2025-07-14 21:43:13,183 - INFO - Found 0 wallpapers in category: gradient
2025-07-14 21:43:13,183 - INFO - Generated category index: gradient (0 wallpapers)
2025-07-14 21:43:13,184 - INFO - Generating index for category: seasonal
2025-07-14 21:43:13,184 - INFO - Found 0 wallpapers in category: seasonal
2025-07-14 21:43:13,184 - INFO - Generated category index: seasonal (0 wallpapers)
2025-07-14 21:43:13,185 - INFO - Generated master index with 430 wallpapers across 20 categories
2025-07-14 21:43:13,185 - INFO - Validating generated indexes
2025-07-14 21:43:13,187 - INFO - All indexes validated successfully
2025-07-14 21:53:36,205 - INFO - Generating master index
2025-07-14 21:53:36,205 - INFO - Generating index for category: abstract
2025-07-14 21:53:36,212 - INFO - Found 44 wallpapers in category: abstract
2025-07-14 21:53:36,214 - INFO - Generated category index: abstract (44 wallpapers)
2025-07-14 21:53:36,214 - INFO - Generating index for category: nature
2025-07-14 21:53:36,216 - INFO - Found 21 wallpapers in category: nature
2025-07-14 21:53:36,217 - INFO - Generated category index: nature (21 wallpapers)
2025-07-14 21:53:36,217 - INFO - Generating index for category: space
2025-07-14 21:53:36,226 - INFO - Found 86 wallpapers in category: space
2025-07-14 21:53:36,227 - INFO - Generated category index: space (86 wallpapers)
2025-07-14 21:53:36,227 - INFO - Generating index for category: minimal
2025-07-14 21:53:36,231 - INFO - Found 46 wallpapers in category: minimal
2025-07-14 21:53:36,232 - INFO - Generated category index: minimal (46 wallpapers)
2025-07-14 21:53:36,232 - INFO - Generating index for category: cyberpunk
2025-07-14 21:53:36,236 - INFO - Found 41 wallpapers in category: cyberpunk
2025-07-14 21:53:36,237 - INFO - Generated category index: cyberpunk (41 wallpapers)
2025-07-14 21:53:36,237 - INFO - Generating index for category: gaming
2025-07-14 21:53:36,244 - INFO - Found 76 wallpapers in category: gaming
2025-07-14 21:53:36,245 - INFO - Generated category index: gaming (76 wallpapers)
2025-07-14 21:53:36,245 - INFO - Generating index for category: anime
2025-07-14 21:53:36,250 - INFO - Found 58 wallpapers in category: anime
2025-07-14 21:53:36,251 - INFO - Generated category index: anime (58 wallpapers)
2025-07-14 21:53:36,251 - INFO - Generating index for category: movies
2025-07-14 21:53:36,251 - INFO - Found 0 wallpapers in category: movies
2025-07-14 21:53:36,251 - INFO - Generated category index: movies (0 wallpapers)
2025-07-14 21:53:36,251 - INFO - Generating index for category: music
2025-07-14 21:53:36,251 - INFO - Found 0 wallpapers in category: music
2025-07-14 21:53:36,251 - INFO - Generated category index: music (0 wallpapers)
2025-07-14 21:53:36,251 - INFO - Generating index for category: cars
2025-07-14 21:53:36,254 - INFO - Found 29 wallpapers in category: cars
2025-07-14 21:53:36,255 - INFO - Generated category index: cars (29 wallpapers)
2025-07-14 21:53:36,255 - INFO - Generating index for category: sports
2025-07-14 21:53:36,255 - INFO - Found 0 wallpapers in category: sports
2025-07-14 21:53:36,255 - INFO - Generated category index: sports (0 wallpapers)
2025-07-14 21:53:36,255 - INFO - Generating index for category: technology
2025-07-14 21:53:36,256 - INFO - Found 10 wallpapers in category: technology
2025-07-14 21:53:36,257 - INFO - Generated category index: technology (10 wallpapers)
2025-07-14 21:53:36,257 - INFO - Generating index for category: architecture
2025-07-14 21:53:36,257 - INFO - Found 0 wallpapers in category: architecture
2025-07-14 21:53:36,257 - INFO - Generated category index: architecture (0 wallpapers)
2025-07-14 21:53:36,257 - INFO - Generating index for category: art
2025-07-14 21:53:36,257 - INFO - Found 0 wallpapers in category: art
2025-07-14 21:53:36,257 - INFO - Generated category index: art (0 wallpapers)
2025-07-14 21:53:36,257 - INFO - Generating index for category: dark
2025-07-14 21:53:36,263 - INFO - Found 75 wallpapers in category: dark
2025-07-14 21:53:36,264 - INFO - Generated category index: dark (75 wallpapers)
2025-07-14 21:53:36,264 - INFO - Generating index for category: neon
2025-07-14 21:53:36,264 - INFO - Found 0 wallpapers in category: neon
2025-07-14 21:53:36,265 - INFO - Generated category index: neon (0 wallpapers)
2025-07-14 21:53:36,265 - INFO - Generating index for category: pastel
2025-07-14 21:53:36,265 - INFO - Found 0 wallpapers in category: pastel
2025-07-14 21:53:36,265 - INFO - Generated category index: pastel (0 wallpapers)
2025-07-14 21:53:36,265 - INFO - Generating index for category: vintage
2025-07-14 21:53:36,265 - INFO - Found 0 wallpapers in category: vintage
2025-07-14 21:53:36,265 - INFO - Generated category index: vintage (0 wallpapers)
2025-07-14 21:53:36,265 - INFO - Generating index for category: gradient
2025-07-14 21:53:36,265 - INFO - Found 0 wallpapers in category: gradient
2025-07-14 21:53:36,265 - INFO - Generated category index: gradient (0 wallpapers)
2025-07-14 21:53:36,265 - INFO - Generating index for category: seasonal
2025-07-14 21:53:36,265 - INFO - Found 0 wallpapers in category: seasonal
2025-07-14 21:53:36,265 - INFO - Generated category index: seasonal (0 wallpapers)
2025-07-14 21:53:36,266 - INFO - Generated master index with 486 wallpapers across 20 categories
2025-07-14 21:53:36,266 - INFO - Validating generated indexes
2025-07-14 21:53:36,268 - INFO - All indexes validated successfully
2025-07-15 20:44:34,094 - INFO - Generating master index
2025-07-15 20:44:34,094 - INFO - Generating index for category: abstract
2025-07-15 20:44:34,119 - INFO - Found 217 wallpapers in category: abstract
2025-07-15 20:44:34,125 - INFO - Generated category index: abstract (217 wallpapers)
2025-07-15 20:44:34,125 - INFO - Generating index for category: nature
2025-07-15 20:44:34,161 - INFO - Found 284 wallpapers in category: nature
2025-07-15 20:44:34,166 - INFO - Generated category index: nature (284 wallpapers)
2025-07-15 20:44:34,166 - INFO - Generating index for category: space
2025-07-15 20:44:34,179 - INFO - Found 86 wallpapers in category: space
2025-07-15 20:44:34,180 - INFO - Generated category index: space (86 wallpapers)
2025-07-15 20:44:34,181 - INFO - Generating index for category: minimal
2025-07-15 20:44:34,186 - INFO - Found 46 wallpapers in category: minimal
2025-07-15 20:44:34,187 - INFO - Generated category index: minimal (46 wallpapers)
2025-07-15 20:44:34,187 - INFO - Generating index for category: cyberpunk
2025-07-15 20:44:34,191 - INFO - Found 41 wallpapers in category: cyberpunk
2025-07-15 20:44:34,192 - INFO - Generated category index: cyberpunk (41 wallpapers)
2025-07-15 20:44:34,192 - INFO - Generating index for category: gaming
2025-07-15 20:44:34,200 - INFO - Found 76 wallpapers in category: gaming
2025-07-15 20:44:34,201 - INFO - Generated category index: gaming (76 wallpapers)
2025-07-15 20:44:34,201 - INFO - Generating index for category: anime
2025-07-15 20:44:34,213 - INFO - Found 58 wallpapers in category: anime
2025-07-15 20:44:34,214 - INFO - Generated category index: anime (58 wallpapers)
2025-07-15 20:44:34,214 - INFO - Generating index for category: movies
2025-07-15 20:44:34,214 - INFO - Found 0 wallpapers in category: movies
2025-07-15 20:44:34,215 - INFO - Generated category index: movies (0 wallpapers)
2025-07-15 20:44:34,215 - INFO - Generating index for category: music
2025-07-15 20:44:34,215 - INFO - Found 0 wallpapers in category: music
2025-07-15 20:44:34,216 - INFO - Generated category index: music (0 wallpapers)
2025-07-15 20:44:34,216 - INFO - Generating index for category: cars
2025-07-15 20:44:34,219 - INFO - Found 29 wallpapers in category: cars
2025-07-15 20:44:34,220 - INFO - Generated category index: cars (29 wallpapers)
2025-07-15 20:44:34,220 - INFO - Generating index for category: sports
2025-07-15 20:44:34,220 - INFO - Found 0 wallpapers in category: sports
2025-07-15 20:44:34,220 - INFO - Generated category index: sports (0 wallpapers)
2025-07-15 20:44:34,220 - INFO - Generating index for category: technology
2025-07-15 20:44:34,221 - INFO - Found 10 wallpapers in category: technology
2025-07-15 20:44:34,222 - INFO - Generated category index: technology (10 wallpapers)
2025-07-15 20:44:34,222 - INFO - Generating index for category: architecture
2025-07-15 20:44:34,252 - INFO - Found 275 wallpapers in category: architecture
2025-07-15 20:44:34,256 - INFO - Generated category index: architecture (275 wallpapers)
2025-07-15 20:44:34,256 - INFO - Generating index for category: art
2025-07-15 20:44:34,261 - INFO - Found 47 wallpapers in category: art
2025-07-15 20:44:34,262 - INFO - Generated category index: art (47 wallpapers)
2025-07-15 20:44:34,262 - INFO - Generating index for category: dark
2025-07-15 20:44:34,273 - INFO - Found 75 wallpapers in category: dark
2025-07-15 20:44:34,274 - INFO - Generated category index: dark (75 wallpapers)
2025-07-15 20:44:34,274 - INFO - Generating index for category: neon
2025-07-15 20:44:34,274 - INFO - Found 0 wallpapers in category: neon
2025-07-15 20:44:34,274 - INFO - Generated category index: neon (0 wallpapers)
2025-07-15 20:44:34,274 - INFO - Generating index for category: pastel
2025-07-15 20:44:34,275 - INFO - Found 0 wallpapers in category: pastel
2025-07-15 20:44:34,276 - INFO - Generated category index: pastel (0 wallpapers)
2025-07-15 20:44:34,276 - INFO - Generating index for category: vintage
2025-07-15 20:44:34,278 - INFO - Found 0 wallpapers in category: vintage
2025-07-15 20:44:34,278 - INFO - Generated category index: vintage (0 wallpapers)
2025-07-15 20:44:34,278 - INFO - Generating index for category: gradient
2025-07-15 20:44:34,278 - INFO - Found 0 wallpapers in category: gradient
2025-07-15 20:44:34,278 - INFO - Generated category index: gradient (0 wallpapers)
2025-07-15 20:44:34,278 - INFO - Generating index for category: seasonal
2025-07-15 20:44:34,278 - INFO - Found 0 wallpapers in category: seasonal
2025-07-15 20:44:34,278 - INFO - Generated category index: seasonal (0 wallpapers)
2025-07-15 20:44:34,280 - INFO - Generated master index with 1244 wallpapers across 20 categories
2025-07-15 20:44:34,280 - INFO - Validating generated indexes
2025-07-15 20:44:34,285 - INFO - All indexes validated successfully
2025-07-15 21:40:43,405 - INFO - Generating master index
2025-07-15 21:40:43,405 - INFO - Generating index for category: abstract
2025-07-15 21:40:43,431 - INFO - Found 217 wallpapers in category: abstract
2025-07-15 21:40:43,435 - INFO - Generated category index: abstract (217 wallpapers)
2025-07-15 21:40:43,435 - INFO - Generating index for category: nature
2025-07-15 21:40:43,471 - INFO - Found 284 wallpapers in category: nature
2025-07-15 21:40:43,475 - INFO - Generated category index: nature (284 wallpapers)
2025-07-15 21:40:43,475 - INFO - Generating index for category: space
2025-07-15 21:40:43,491 - INFO - Found 86 wallpapers in category: space
2025-07-15 21:40:43,492 - INFO - Generated category index: space (86 wallpapers)
2025-07-15 21:40:43,493 - INFO - Generating index for category: minimal
2025-07-15 21:40:43,498 - INFO - Found 46 wallpapers in category: minimal
2025-07-15 21:40:43,499 - INFO - Generated category index: minimal (46 wallpapers)
2025-07-15 21:40:43,499 - INFO - Generating index for category: cyberpunk
2025-07-15 21:40:43,504 - INFO - Found 41 wallpapers in category: cyberpunk
2025-07-15 21:40:43,504 - INFO - Generated category index: cyberpunk (41 wallpapers)
2025-07-15 21:40:43,504 - INFO - Generating index for category: gaming
2025-07-15 21:40:43,512 - INFO - Found 76 wallpapers in category: gaming
2025-07-15 21:40:43,514 - INFO - Generated category index: gaming (76 wallpapers)
2025-07-15 21:40:43,514 - INFO - Generating index for category: anime
2025-07-15 21:40:43,521 - INFO - Found 58 wallpapers in category: anime
2025-07-15 21:40:43,521 - INFO - Generated category index: anime (58 wallpapers)
2025-07-15 21:40:43,522 - INFO - Generating index for category: movies
2025-07-15 21:40:43,522 - INFO - Found 0 wallpapers in category: movies
2025-07-15 21:40:43,522 - INFO - Generated category index: movies (0 wallpapers)
2025-07-15 21:40:43,522 - INFO - Generating index for category: music
2025-07-15 21:40:43,522 - INFO - Found 0 wallpapers in category: music
2025-07-15 21:40:43,522 - INFO - Generated category index: music (0 wallpapers)
2025-07-15 21:40:43,522 - INFO - Generating index for category: cars
2025-07-15 21:40:43,525 - INFO - Found 29 wallpapers in category: cars
2025-07-15 21:40:43,526 - INFO - Generated category index: cars (29 wallpapers)
2025-07-15 21:40:43,526 - INFO - Generating index for category: sports
2025-07-15 21:40:43,526 - INFO - Found 0 wallpapers in category: sports
2025-07-15 21:40:43,526 - INFO - Generated category index: sports (0 wallpapers)
2025-07-15 21:40:43,526 - INFO - Generating index for category: technology
2025-07-15 21:40:43,528 - INFO - Found 10 wallpapers in category: technology
2025-07-15 21:40:43,528 - INFO - Generated category index: technology (10 wallpapers)
2025-07-15 21:40:43,528 - INFO - Generating index for category: architecture
2025-07-15 21:40:43,564 - INFO - Found 275 wallpapers in category: architecture
2025-07-15 21:40:43,569 - INFO - Generated category index: architecture (275 wallpapers)
2025-07-15 21:40:43,569 - INFO - Generating index for category: art
2025-07-15 21:40:43,585 - INFO - Found 47 wallpapers in category: art
2025-07-15 21:40:43,586 - INFO - Generated category index: art (47 wallpapers)
2025-07-15 21:40:43,586 - INFO - Generating index for category: dark
2025-07-15 21:40:43,591 - INFO - Found 80 wallpapers in category: dark
2025-07-15 21:40:43,593 - INFO - Generated category index: dark (80 wallpapers)
2025-07-15 21:40:43,593 - INFO - Generating index for category: neon
2025-07-15 21:40:43,599 - INFO - Found 78 wallpapers in category: neon
2025-07-15 21:40:43,601 - INFO - Generated category index: neon (78 wallpapers)
2025-07-15 21:40:43,601 - INFO - Generating index for category: pastel
2025-07-15 21:40:43,601 - INFO - Found 8 wallpapers in category: pastel
2025-07-15 21:40:43,602 - INFO - Generated category index: pastel (8 wallpapers)
2025-07-15 21:40:43,602 - INFO - Generating index for category: vintage
2025-07-15 21:40:43,603 - INFO - Found 30 wallpapers in category: vintage
2025-07-15 21:40:43,603 - INFO - Generated category index: vintage (30 wallpapers)
2025-07-15 21:40:43,603 - INFO - Generating index for category: gradient
2025-07-15 21:40:43,604 - INFO - Found 0 wallpapers in category: gradient
2025-07-15 21:40:43,604 - INFO - Generated category index: gradient (0 wallpapers)
2025-07-15 21:40:43,604 - INFO - Generating index for category: seasonal
2025-07-15 21:40:43,607 - INFO - Found 85 wallpapers in category: seasonal
2025-07-15 21:40:43,608 - INFO - Generated category index: seasonal (85 wallpapers)
2025-07-15 21:40:43,610 - INFO - Generated master index with 1450 wallpapers across 20 categories
2025-07-15 21:40:43,610 - INFO - Validating generated indexes
2025-07-15 21:40:43,616 - INFO - All indexes validated successfully
2025-07-15 22:20:05,573 - INFO - Generating master index
2025-07-15 22:20:05,574 - INFO - Generating index for category: abstract
2025-07-15 22:20:05,624 - INFO - Found 217 wallpapers in category: abstract
2025-07-15 22:20:05,630 - INFO - Generated category index: abstract (217 wallpapers)
2025-07-15 22:20:05,630 - INFO - Generating index for category: nature
2025-07-15 22:20:05,706 - INFO - Found 284 wallpapers in category: nature
2025-07-15 22:20:05,711 - INFO - Generated category index: nature (284 wallpapers)
2025-07-15 22:20:05,711 - INFO - Generating index for category: space
2025-07-15 22:20:05,734 - INFO - Found 86 wallpapers in category: space
2025-07-15 22:20:05,736 - INFO - Generated category index: space (86 wallpapers)
2025-07-15 22:20:05,736 - INFO - Generating index for category: minimal
2025-07-15 22:20:05,744 - INFO - Found 46 wallpapers in category: minimal
2025-07-15 22:20:05,745 - INFO - Generated category index: minimal (46 wallpapers)
2025-07-15 22:20:05,745 - INFO - Generating index for category: cyberpunk
2025-07-15 22:20:05,751 - INFO - Found 41 wallpapers in category: cyberpunk
2025-07-15 22:20:05,752 - INFO - Generated category index: cyberpunk (41 wallpapers)
2025-07-15 22:20:05,752 - INFO - Generating index for category: gaming
2025-07-15 22:20:05,762 - INFO - Found 76 wallpapers in category: gaming
2025-07-15 22:20:05,764 - INFO - Generated category index: gaming (76 wallpapers)
2025-07-15 22:20:05,764 - INFO - Generating index for category: anime
2025-07-15 22:20:05,771 - INFO - Found 58 wallpapers in category: anime
2025-07-15 22:20:05,772 - INFO - Generated category index: anime (58 wallpapers)
2025-07-15 22:20:05,772 - INFO - Generating index for category: movies
2025-07-15 22:20:05,772 - INFO - Found 0 wallpapers in category: movies
2025-07-15 22:20:05,772 - INFO - Generated category index: movies (0 wallpapers)
2025-07-15 22:20:05,772 - INFO - Generating index for category: music
2025-07-15 22:20:05,772 - INFO - Found 0 wallpapers in category: music
2025-07-15 22:20:05,773 - INFO - Generated category index: music (0 wallpapers)
2025-07-15 22:20:05,773 - INFO - Generating index for category: cars
2025-07-15 22:20:05,776 - INFO - Found 29 wallpapers in category: cars
2025-07-15 22:20:05,777 - INFO - Generated category index: cars (29 wallpapers)
2025-07-15 22:20:05,777 - INFO - Generating index for category: sports
2025-07-15 22:20:05,777 - INFO - Found 0 wallpapers in category: sports
2025-07-15 22:20:05,777 - INFO - Generated category index: sports (0 wallpapers)
2025-07-15 22:20:05,777 - INFO - Generating index for category: technology
2025-07-15 22:20:05,779 - INFO - Found 10 wallpapers in category: technology
2025-07-15 22:20:05,780 - INFO - Generated category index: technology (10 wallpapers)
2025-07-15 22:20:05,780 - INFO - Generating index for category: architecture
2025-07-15 22:20:05,853 - INFO - Found 275 wallpapers in category: architecture
2025-07-15 22:20:05,858 - INFO - Generated category index: architecture (275 wallpapers)
2025-07-15 22:20:05,858 - INFO - Generating index for category: art
2025-07-15 22:20:05,868 - INFO - Found 47 wallpapers in category: art
2025-07-15 22:20:05,869 - INFO - Generated category index: art (47 wallpapers)
2025-07-15 22:20:05,869 - INFO - Generating index for category: dark
2025-07-15 22:20:05,882 - INFO - Found 80 wallpapers in category: dark
2025-07-15 22:20:05,883 - INFO - Generated category index: dark (80 wallpapers)
2025-07-15 22:20:05,883 - INFO - Generating index for category: neon
2025-07-15 22:20:05,895 - INFO - Found 78 wallpapers in category: neon
2025-07-15 22:20:05,896 - INFO - Generated category index: neon (78 wallpapers)
2025-07-15 22:20:05,896 - INFO - Generating index for category: pastel
2025-07-15 22:20:05,902 - INFO - Found 49 wallpapers in category: pastel
2025-07-15 22:20:05,904 - INFO - Generated category index: pastel (49 wallpapers)
2025-07-15 22:20:05,904 - INFO - Generating index for category: vintage
2025-07-15 22:20:05,910 - INFO - Found 30 wallpapers in category: vintage
2025-07-15 22:20:05,911 - INFO - Generated category index: vintage (30 wallpapers)
2025-07-15 22:20:05,911 - INFO - Generating index for category: gradient
2025-07-15 22:20:05,911 - INFO - Found 0 wallpapers in category: gradient
2025-07-15 22:20:05,911 - INFO - Generated category index: gradient (0 wallpapers)
2025-07-15 22:20:05,911 - INFO - Generating index for category: seasonal
2025-07-15 22:20:05,930 - INFO - Found 85 wallpapers in category: seasonal
2025-07-15 22:20:05,932 - INFO - Generated category index: seasonal (85 wallpapers)
2025-07-15 22:20:05,935 - INFO - Generated master index with 1491 wallpapers across 20 categories
2025-07-15 22:20:05,936 - INFO - Validating generated indexes
2025-07-15 22:20:05,943 - INFO - All indexes validated successfully
