2025-07-20 23:25:18,764 - INFO - 🏈 Starting Pinterest sports wallpaper scraping - Target: 40 images
2025-07-20 23:25:18,764 - INFO - 
🔍 Searching (0/40): sports wallpaper mobile
2025-07-20 23:25:18,764 - INFO - Searching Pinterest: https://in.pinterest.com/search/pins/?q=sports%20wallpaper%20mobile
2025-07-20 23:25:19,813 - INFO - Found 6 unique image URLs for query: sports wallpaper mobile
2025-07-20 23:25:19,813 - INFO - Downloading: https://i.pinimg.com/originals/f1/ba/dd/f1badd7126502a5803841601d3164a7d.jpg
2025-07-20 23:25:20,418 - INFO - ✅ Downloaded sports wallpaper: sports_001_general_8deb75c7015d.jpg (185,783 bytes) - general
2025-07-20 23:25:20,419 - INFO - 📊 Progress: 1/40 (2.5%)
2025-07-20 23:25:28,424 - INFO - Downloading: https://i.pinimg.com/originals/ae/b0/78/aeb078f718b90bf9c5132c124c2079dd.jpg
2025-07-20 23:25:28,840 - INFO - ✅ Downloaded sports wallpaper: sports_002_general_8edda686a736.jpg (278,751 bytes) - general
2025-07-20 23:25:28,840 - INFO - 📊 Progress: 2/40 (5.0%)
2025-07-20 23:25:36,845 - INFO - Downloading: https://i.pinimg.com/originals/de/92/49/de9249c2a8a6936aba5f3de0469b855d.jpg
2025-07-20 23:25:37,325 - INFO - ✅ Downloaded sports wallpaper: sports_003_general_db5b015568b2.jpg (429,617 bytes) - general
2025-07-20 23:25:37,325 - INFO - 📊 Progress: 3/40 (7.5%)
2025-07-20 23:25:45,331 - INFO - Downloading: https://i.pinimg.com/originals/2d/9a/aa/2d9aaace80cb95564a00cb7acf4c4800.jpg
2025-07-20 23:25:46,069 - INFO - ✅ Downloaded sports wallpaper: sports_004_general_50e53f49b8ae.jpg (135,940 bytes) - general
2025-07-20 23:25:46,069 - INFO - 📊 Progress: 4/40 (10.0%)
2025-07-20 23:25:54,071 - INFO - Downloading: https://i.pinimg.com/originals/83/3e/2a/833e2a1d13cf70cd5d87a0d9b508c099.jpg
2025-07-20 23:25:54,426 - INFO - ✅ Downloaded sports wallpaper: sports_005_general_04b79f321abe.jpg (258,109 bytes) - general
2025-07-20 23:25:54,426 - INFO - 📊 Progress: 5/40 (12.5%)
2025-07-20 23:26:02,432 - INFO - Downloading: https://i.pinimg.com/originals/26/d3/e1/26d3e11589ddffbdffccdef276c74e8d.jpg
2025-07-20 23:26:02,471 - INFO - ✅ Downloaded sports wallpaper: sports_006_general_2fb4f75afde3.jpg (363,115 bytes) - general
2025-07-20 23:26:02,471 - INFO - 📊 Progress: 6/40 (15.0%)
2025-07-20 23:26:10,477 - INFO - ⏱️  Waiting 10.0s before next query...
2025-07-20 23:26:20,484 - INFO - 
🔍 Searching (6/40): sports background hd
2025-07-20 23:26:20,487 - INFO - Searching Pinterest: https://in.pinterest.com/search/pins/?q=sports%20background%20hd
2025-07-20 23:26:21,632 - INFO - Found 6 unique image URLs for query: sports background hd
2025-07-20 23:26:21,632 - INFO - Downloading: https://i.pinimg.com/originals/92/aa/6b/92aa6b6e9cd30653c670080fa79bd7c5.jpg
2025-07-20 23:26:22,196 - INFO - ✅ Downloaded sports wallpaper: sports_007_general_023f1c5ff762.jpg (197,284 bytes) - general
2025-07-20 23:26:22,197 - INFO - 📊 Progress: 7/40 (17.5%)
2025-07-20 23:26:30,198 - INFO - Downloading: https://i.pinimg.com/originals/74/89/cb/7489cb9ce8930788c667752192497e6a.jpg
2025-07-20 23:26:30,599 - INFO - ✅ Downloaded sports wallpaper: sports_008_general_203dffd267c3.jpg (148,350 bytes) - general
2025-07-20 23:26:30,599 - INFO - 📊 Progress: 8/40 (20.0%)
2025-07-20 23:26:38,600 - INFO - Downloading: https://i.pinimg.com/originals/92/72/15/927215e05b1b83cf61019dd9dc5177bb.jpg
2025-07-20 23:26:38,881 - INFO - ✅ Downloaded sports wallpaper: sports_009_general_f3e933d93ae4.jpg (221,790 bytes) - general
2025-07-20 23:26:38,881 - INFO - 📊 Progress: 9/40 (22.5%)
2025-07-20 23:26:46,887 - INFO - Downloading: https://i.pinimg.com/originals/3b/19/d4/3b19d40291b1d9805c15965648da6309.jpg
2025-07-20 23:26:47,250 - INFO - ✅ Downloaded sports wallpaper: sports_010_general_5c408a150fe1.jpg (193,253 bytes) - general
2025-07-20 23:26:47,250 - INFO - 📊 Progress: 10/40 (25.0%)
2025-07-20 23:26:55,255 - INFO - Downloading: https://i.pinimg.com/originals/60/11/71/6011719a8a929811ad1f717460d2c1d3.jpg
2025-07-20 23:26:55,569 - INFO - ✅ Downloaded sports wallpaper: sports_011_general_1aa114c9b2be.jpg (169,882 bytes) - general
2025-07-20 23:26:55,569 - INFO - 📊 Progress: 11/40 (27.5%)
2025-07-20 23:27:03,570 - INFO - Downloading: https://i.pinimg.com/originals/7e/64/1c/7e641c67450515631b930dda7f90c6bd.jpg
2025-07-20 23:27:03,945 - ERROR - Failed to download https://i.pinimg.com/736x/7e/64/1c/7e641c67450515631b930dda7f90c6bd.jpg: 403 Client Error: Forbidden for url: https://i.pinimg.com/originals/7e/64/1c/7e641c67450515631b930dda7f90c6bd.jpg
2025-07-20 23:27:11,953 - INFO - ⏱️  Waiting 10.0s before next query...
2025-07-20 23:27:21,961 - INFO - 
🔍 Searching (11/40): athletic wallpaper
2025-07-20 23:27:21,964 - INFO - Searching Pinterest: https://in.pinterest.com/search/pins/?q=athletic%20wallpaper
2025-07-20 23:27:23,023 - INFO - Found 6 unique image URLs for query: athletic wallpaper
2025-07-20 23:27:23,023 - INFO - Downloading: https://i.pinimg.com/originals/2c/99/13/2c991305358f6af155394ad166f13dcf.jpg
2025-07-20 23:27:23,405 - INFO - Invalid sports image, skipping: https://i.pinimg.com/originals/2c/99/13/2c991305358f6af155394ad166f13dcf.jpg
2025-07-20 23:27:31,412 - INFO - Downloading: https://i.pinimg.com/originals/94/90/15/9490154592f2163267a973f2a3856d91.jpg
2025-07-20 23:27:31,602 - INFO - ✅ Downloaded sports wallpaper: sports_012_general_3bc6dc2cbc51.jpg (590,937 bytes) - general
2025-07-20 23:27:31,602 - INFO - 📊 Progress: 12/40 (30.0%)
2025-07-20 23:27:39,607 - INFO - Downloading: https://i.pinimg.com/originals/b3/c7/59/b3c759c8462212cd8d4d2b4983919ee7.jpg
2025-07-20 23:27:39,990 - ERROR - Failed to download https://i.pinimg.com/736x/b3/c7/59/b3c759c8462212cd8d4d2b4983919ee7.jpg: 403 Client Error: Forbidden for url: https://i.pinimg.com/originals/b3/c7/59/b3c759c8462212cd8d4d2b4983919ee7.jpg
2025-07-20 23:27:47,994 - INFO - Downloading: https://i.pinimg.com/originals/e1/e1/05/e1e105bb422150b18c19167383a820e5.jpg
2025-07-20 23:27:52,792 - ERROR - Failed to download https://i.pinimg.com/736x/e1/e1/05/e1e105bb422150b18c19167383a820e5.jpg: 403 Client Error: Forbidden for url: https://i.pinimg.com/originals/e1/e1/05/e1e105bb422150b18c19167383a820e5.jpg
2025-07-20 23:28:00,804 - INFO - Downloading: https://i.pinimg.com/originals/0f/7b/4c/0f7b4c2cf3d1b1db273fe9fbfbec9a07.jpg
2025-07-20 23:28:00,932 - INFO - ✅ Downloaded sports wallpaper: sports_013_general_148580f4ea8f.jpg (553,988 bytes) - general
2025-07-20 23:28:00,932 - INFO - 📊 Progress: 13/40 (32.5%)
2025-07-20 23:28:08,935 - INFO - Downloading: https://i.pinimg.com/originals/1a/2e/5a/1a2e5aeabf8fa3fb19d1cb2c606ef0fe.jpg
2025-07-20 23:28:09,390 - INFO - ✅ Downloaded sports wallpaper: sports_014_general_176bb99508c0.jpg (454,475 bytes) - general
2025-07-20 23:28:09,391 - INFO - 📊 Progress: 14/40 (35.0%)
2025-07-20 23:28:17,402 - INFO - ⏱️  Waiting 10.0s before next query...
2025-07-20 23:28:27,413 - INFO - 
🔍 Searching (14/40): sports phone wallpaper
2025-07-20 23:28:27,414 - INFO - Searching Pinterest: https://in.pinterest.com/search/pins/?q=sports%20phone%20wallpaper
2025-07-20 23:28:28,403 - INFO - Found 6 unique image URLs for query: sports phone wallpaper
2025-07-20 23:28:28,403 - INFO - Downloading: https://i.pinimg.com/originals/2b/3c/c7/2b3cc7a95150dc37a6b196dc12ca8725.jpg
2025-07-20 23:28:28,789 - INFO - ✅ Downloaded sports wallpaper: sports_015_general_e8151f6112b1.jpg (142,589 bytes) - general
2025-07-20 23:28:28,791 - INFO - 📊 Progress: 15/40 (37.5%)
2025-07-20 23:28:36,796 - INFO - Downloading: https://i.pinimg.com/originals/67/20/4d/67204d675778c1bd196400d53196b6e1.jpg
2025-07-20 23:28:37,082 - INFO - ✅ Downloaded sports wallpaper: sports_016_general_6e72aa81653b.jpg (162,235 bytes) - general
2025-07-20 23:28:37,083 - INFO - 📊 Progress: 16/40 (40.0%)
2025-07-20 23:28:45,093 - INFO - Downloading: https://i.pinimg.com/originals/7a/76/37/7a7637391a8c9be0641496f3e173980c.jpg
2025-07-20 23:28:45,486 - INFO - ✅ Downloaded sports wallpaper: sports_017_general_eda1789eff04.jpg (158,009 bytes) - general
2025-07-20 23:28:45,487 - INFO - 📊 Progress: 17/40 (42.5%)
2025-07-20 23:28:53,488 - INFO - Downloading: https://i.pinimg.com/originals/23/e4/77/23e4776aab8f7ad23e4e1e71442b3185.jpg
2025-07-20 23:28:53,528 - INFO - Invalid sports image, skipping: https://i.pinimg.com/originals/23/e4/77/23e4776aab8f7ad23e4e1e71442b3185.jpg
2025-07-20 23:29:01,537 - INFO - Downloading: https://i.pinimg.com/originals/ea/e0/38/eae038ab5de9b8228a88ab3bdfbe8532.jpg
2025-07-20 23:29:02,033 - INFO - Invalid sports image, skipping: https://i.pinimg.com/originals/ea/e0/38/eae038ab5de9b8228a88ab3bdfbe8532.jpg
2025-07-20 23:29:10,043 - INFO - Downloading: https://i.pinimg.com/originals/a1/15/95/a115953847d10c86201785940dca1785.jpg
2025-07-20 23:29:10,447 - INFO - ✅ Downloaded sports wallpaper: sports_018_general_2ee167c44c27.jpg (227,007 bytes) - general
2025-07-20 23:29:10,448 - INFO - 📊 Progress: 18/40 (45.0%)
2025-07-20 23:29:18,459 - INFO - ⏱️  Waiting 10.0s before next query...
2025-07-20 23:29:28,474 - INFO - 
🔍 Searching (18/40): sports motivation wallpaper
2025-07-20 23:29:28,480 - INFO - Searching Pinterest: https://in.pinterest.com/search/pins/?q=sports%20motivation%20wallpaper
2025-07-20 23:29:29,403 - INFO - Found 6 unique image URLs for query: sports motivation wallpaper
2025-07-20 23:29:29,403 - INFO - Downloading: https://i.pinimg.com/originals/07/cd/0e/07cd0e968c2bfcab39358a2ff864a66a.jpg
2025-07-20 23:29:30,037 - INFO - ✅ Downloaded sports wallpaper: sports_019_general_bb563a262ad3.jpg (139,121 bytes) - general
2025-07-20 23:29:30,037 - INFO - 📊 Progress: 19/40 (47.5%)
2025-07-20 23:29:38,047 - INFO - Downloading: https://i.pinimg.com/originals/b2/52/bc/b252bc81098f635f3a39907c9d1673d2.jpg
2025-07-20 23:29:38,357 - INFO - Invalid sports image, skipping: https://i.pinimg.com/originals/b2/52/bc/b252bc81098f635f3a39907c9d1673d2.jpg
2025-07-20 23:29:46,365 - INFO - Downloading: https://i.pinimg.com/originals/42/d9/f5/42d9f55012b192fdd413f8ff30953cbc.jpg
2025-07-20 23:29:46,429 - INFO - ✅ Downloaded sports wallpaper: sports_020_general_323af43ce24e.jpg (128,853 bytes) - general
2025-07-20 23:29:46,429 - INFO - 📊 Progress: 20/40 (50.0%)
2025-07-20 23:29:54,440 - INFO - Downloading: https://i.pinimg.com/originals/06/2a/19/062a19275004d9c45f9c0c6a6bb2a819.jpg
2025-07-20 23:29:55,032 - INFO - ✅ Downloaded sports wallpaper: sports_021_general_ae1ea930490a.jpg (718,715 bytes) - general
2025-07-20 23:29:55,032 - INFO - 📊 Progress: 21/40 (52.5%)
2025-07-20 23:30:03,043 - INFO - Downloading: https://i.pinimg.com/originals/78/fa/dc/78fadc286c1bf7f9dd4f4e24741576d7.jpg
2025-07-20 23:30:03,103 - INFO - Invalid sports image, skipping: https://i.pinimg.com/originals/78/fa/dc/78fadc286c1bf7f9dd4f4e24741576d7.jpg
2025-07-20 23:30:11,108 - INFO - Downloading: https://i.pinimg.com/originals/a2/86/60/a28660d871f40f3ede4b49afb36e299f.jpg
2025-07-20 23:30:11,141 - INFO - Invalid sports image, skipping: https://i.pinimg.com/originals/a2/86/60/a28660d871f40f3ede4b49afb36e299f.jpg
2025-07-20 23:30:19,142 - INFO - ⏱️  Waiting 10.0s before next query...
2025-07-20 23:30:29,145 - INFO - 
🔍 Searching (21/40): sports action wallpaper
2025-07-20 23:30:29,146 - INFO - Searching Pinterest: https://in.pinterest.com/search/pins/?q=sports%20action%20wallpaper
2025-07-20 23:30:30,198 - INFO - Found 6 unique image URLs for query: sports action wallpaper
2025-07-20 23:30:30,198 - INFO - Downloading: https://i.pinimg.com/originals/09/e0/f5/09e0f554bf52bb7a0e0ad110a9cb0bf5.jpg
2025-07-20 23:30:31,204 - INFO - ✅ Downloaded sports wallpaper: sports_022_general_8940e9d01a9b.jpg (1,275,895 bytes) - general
2025-07-20 23:30:31,205 - INFO - 📊 Progress: 22/40 (55.0%)
2025-07-20 23:30:39,215 - INFO - Downloading: https://i.pinimg.com/originals/93/ea/e5/93eae5185451595a54bc8af5fb1bc8b3.jpg
2025-07-20 23:30:39,959 - INFO - ✅ Downloaded sports wallpaper: sports_023_general_6f51a4f2dbae.jpg (1,284,290 bytes) - general
2025-07-20 23:30:39,959 - INFO - 📊 Progress: 23/40 (57.5%)
2025-07-20 23:30:47,960 - INFO - Downloading: https://i.pinimg.com/originals/f1/2a/ad/f12aada15ab2687e0d5db2946fca7b3d.jpg
2025-07-20 23:30:48,410 - INFO - Invalid sports image, skipping: https://i.pinimg.com/originals/f1/2a/ad/f12aada15ab2687e0d5db2946fca7b3d.jpg
2025-07-20 23:30:56,421 - INFO - Downloading: https://i.pinimg.com/originals/5b/96/19/5b9619c6215a6dac27d9e92718beb3c4.jpg
2025-07-20 23:30:56,850 - INFO - Invalid sports image, skipping: https://i.pinimg.com/originals/5b/96/19/5b9619c6215a6dac27d9e92718beb3c4.jpg
2025-07-20 23:31:04,861 - INFO - Downloading: https://i.pinimg.com/originals/1a/f5/81/1af5812f601b9a74552c09923eabe4b9.jpg
2025-07-20 23:31:05,747 - INFO - ✅ Downloaded sports wallpaper: sports_024_general_64655c67ab69.jpg (1,060,226 bytes) - general
2025-07-20 23:31:05,747 - INFO - 📊 Progress: 24/40 (60.0%)
2025-07-20 23:31:13,749 - INFO - Downloading: https://i.pinimg.com/originals/3e/70/73/3e70733742a780eb64919a9039302980.jpg
2025-07-20 23:31:15,077 - INFO - ✅ Downloaded sports wallpaper: sports_025_general_0d7dcc112985.jpg (1,470,836 bytes) - general
2025-07-20 23:31:15,078 - INFO - 📊 Progress: 25/40 (62.5%)
2025-07-20 23:31:23,088 - INFO - ⏱️  Waiting 10.0s before next query...
2025-07-20 23:31:33,101 - INFO - 
🔍 Searching (25/40): football wallpaper mobile
2025-07-20 23:31:33,103 - INFO - Searching Pinterest: https://in.pinterest.com/search/pins/?q=football%20wallpaper%20mobile
2025-07-20 23:31:34,013 - INFO - Found 6 unique image URLs for query: football wallpaper mobile
2025-07-20 23:31:34,013 - INFO - Downloading: https://i.pinimg.com/originals/99/c8/de/99c8de04a0abd57be4352f82dd44949d.jpg
2025-07-20 23:31:34,750 - INFO - ✅ Downloaded sports wallpaper: sports_026_football_72840ee42236.jpg (137,918 bytes) - football
2025-07-20 23:31:34,751 - INFO - 📊 Progress: 26/40 (65.0%)
2025-07-20 23:31:42,761 - INFO - Downloading: https://i.pinimg.com/originals/b5/fe/7a/b5fe7abf63f04e797021e79698bb115c.jpg
2025-07-20 23:31:43,248 - INFO - ✅ Downloaded sports wallpaper: sports_027_football_55aa41fd3f5f.jpg (650,541 bytes) - football
2025-07-20 23:31:43,248 - INFO - 📊 Progress: 27/40 (67.5%)
2025-07-20 23:31:51,251 - INFO - Downloading: https://i.pinimg.com/originals/91/35/42/913542013bd6d4c60a5875e700f9147d.jpg
2025-07-20 23:31:51,281 - INFO - ✅ Downloaded sports wallpaper: sports_028_football_780b68f80e91.jpg (100,478 bytes) - football
2025-07-20 23:31:51,282 - INFO - 📊 Progress: 28/40 (70.0%)
2025-07-20 23:31:59,292 - INFO - Downloading: https://i.pinimg.com/originals/d2/db/97/d2db978cc15828eb6ccbf8d019636227.jpg
2025-07-20 23:32:00,026 - INFO - ✅ Downloaded sports wallpaper: sports_029_football_7fd08e83e9ba.jpg (116,721 bytes) - football
2025-07-20 23:32:00,026 - INFO - 📊 Progress: 29/40 (72.5%)
2025-07-20 23:32:08,037 - INFO - Downloading: https://i.pinimg.com/originals/db/fe/a0/dbfea0589172369b7892e52320cd2e62.jpg
2025-07-20 23:32:08,480 - INFO - ✅ Downloaded sports wallpaper: sports_030_football_c75c2760be03.jpg (186,059 bytes) - football
2025-07-20 23:32:08,480 - INFO - 📊 Progress: 30/40 (75.0%)
2025-07-20 23:32:16,485 - INFO - Downloading: https://i.pinimg.com/originals/92/2f/11/922f11840e38ae8d10d03e80c6eaa5f0.jpg
2025-07-20 23:32:16,543 - INFO - ✅ Downloaded sports wallpaper: sports_031_football_a4a726f00ab5.jpg (347,922 bytes) - football
2025-07-20 23:32:16,543 - INFO - 📊 Progress: 31/40 (77.5%)
2025-07-20 23:32:24,554 - INFO - ⏱️  Waiting 10.0s before next query...
2025-07-20 23:32:34,562 - INFO - 
🔍 Searching (31/40): basketball wallpaper phone
2025-07-20 23:32:34,563 - INFO - Searching Pinterest: https://in.pinterest.com/search/pins/?q=basketball%20wallpaper%20phone
2025-07-20 23:32:35,345 - INFO - Found 6 unique image URLs for query: basketball wallpaper phone
2025-07-20 23:32:35,347 - INFO - Downloading: https://i.pinimg.com/originals/79/45/27/794527cb36d209841d47d7177bb896a6.jpg
2025-07-20 23:32:35,746 - INFO - ✅ Downloaded sports wallpaper: sports_032_basketball_f63bbc24b63e.jpg (265,685 bytes) - basketball
2025-07-20 23:32:35,746 - INFO - 📊 Progress: 32/40 (80.0%)
2025-07-20 23:32:43,756 - INFO - Downloading: https://i.pinimg.com/originals/67/20/4d/67204d675778c1bd196400d53196b6e1.jpg
2025-07-20 23:32:43,878 - INFO - Duplicate image skipped: https://i.pinimg.com/originals/67/20/4d/67204d675778c1bd196400d53196b6e1.jpg
2025-07-20 23:32:51,885 - INFO - Downloading: https://i.pinimg.com/originals/63/e7/75/63e775c008a5ae1a4cef33a35e2d44c0.jpg
2025-07-20 23:32:52,323 - INFO - ✅ Downloaded sports wallpaper: sports_033_basketball_a2dba0b1be77.jpg (159,709 bytes) - basketball
2025-07-20 23:32:52,323 - INFO - 📊 Progress: 33/40 (82.5%)
2025-07-20 23:33:00,334 - INFO - Downloading: https://i.pinimg.com/originals/11/6c/2d/116c2df0f1e36d6401fb1580e587af05.jpg
2025-07-20 23:33:01,126 - INFO - ✅ Downloaded sports wallpaper: sports_034_basketball_fac710e5e80f.jpg (828,575 bytes) - basketball
2025-07-20 23:33:01,127 - INFO - 📊 Progress: 34/40 (85.0%)
2025-07-20 23:33:09,127 - INFO - Downloading: https://i.pinimg.com/originals/47/7f/ab/477fabff145e3426e12ebd791b261a1b.jpg
2025-07-20 23:33:09,713 - INFO - ✅ Downloaded sports wallpaper: sports_035_basketball_ebc705925490.jpg (324,896 bytes) - basketball
2025-07-20 23:33:09,713 - INFO - 📊 Progress: 35/40 (87.5%)
2025-07-20 23:33:17,719 - INFO - Downloading: https://i.pinimg.com/originals/23/2a/29/232a29ae67a95437f72c0ef6ba53dbed.jpg
2025-07-20 23:33:18,023 - INFO - Invalid sports image, skipping: https://i.pinimg.com/originals/23/2a/29/232a29ae67a95437f72c0ef6ba53dbed.jpg
2025-07-20 23:33:26,033 - INFO - ⏱️  Waiting 10.0s before next query...
2025-07-20 23:33:36,043 - INFO - 
🔍 Searching (35/40): soccer wallpaper hd
2025-07-20 23:33:36,044 - INFO - Searching Pinterest: https://in.pinterest.com/search/pins/?q=soccer%20wallpaper%20hd
2025-07-20 23:33:36,972 - INFO - Found 6 unique image URLs for query: soccer wallpaper hd
2025-07-20 23:33:36,972 - INFO - Downloading: https://i.pinimg.com/originals/91/35/42/913542013bd6d4c60a5875e700f9147d.jpg
2025-07-20 23:33:36,994 - INFO - Duplicate image skipped: https://i.pinimg.com/originals/91/35/42/913542013bd6d4c60a5875e700f9147d.jpg
2025-07-20 23:33:44,996 - INFO - Downloading: https://i.pinimg.com/originals/86/3a/4c/863a4c5051c78d5ed7b5ef50d8e43df1.jpg
2025-07-20 23:33:45,293 - ERROR - Failed to download https://i.pinimg.com/736x/86/3a/4c/863a4c5051c78d5ed7b5ef50d8e43df1.jpg: 403 Client Error: Forbidden for url: https://i.pinimg.com/originals/86/3a/4c/863a4c5051c78d5ed7b5ef50d8e43df1.jpg
2025-07-20 23:33:53,296 - INFO - Downloading: https://i.pinimg.com/originals/d5/b2/b1/d5b2b10d1edc4372f0d3f0a970e8f73d.jpg
2025-07-20 23:33:56,855 - INFO - ✅ Downloaded sports wallpaper: sports_036_soccer_5217d17cd26b.jpg (246,002 bytes) - soccer
2025-07-20 23:33:56,855 - INFO - 📊 Progress: 36/40 (90.0%)
2025-07-20 23:34:04,855 - INFO - Downloading: https://i.pinimg.com/originals/d2/db/97/d2db978cc15828eb6ccbf8d019636227.jpg
2025-07-20 23:34:05,243 - INFO - Duplicate image skipped: https://i.pinimg.com/originals/d2/db/97/d2db978cc15828eb6ccbf8d019636227.jpg
2025-07-20 23:34:13,251 - INFO - Downloading: https://i.pinimg.com/originals/09/5f/c2/095fc25da81ac10d88dce438a3333d1a.jpg
2025-07-20 23:34:13,288 - INFO - Invalid sports image, skipping: https://i.pinimg.com/originals/09/5f/c2/095fc25da81ac10d88dce438a3333d1a.jpg
2025-07-20 23:34:21,299 - INFO - Downloading: https://i.pinimg.com/originals/b8/70/88/b87088d03ce0e9530d1e08a8b0af59b9.jpg
2025-07-20 23:34:21,589 - ERROR - Failed to download https://i.pinimg.com/736x/b8/70/88/b87088d03ce0e9530d1e08a8b0af59b9.jpg: 403 Client Error: Forbidden for url: https://i.pinimg.com/originals/b8/70/88/b87088d03ce0e9530d1e08a8b0af59b9.jpg
2025-07-20 23:34:29,593 - INFO - ⏱️  Waiting 10.0s before next query...
2025-07-20 23:34:39,601 - INFO - 
🔍 Searching (36/40): tennis wallpaper mobile
2025-07-20 23:34:39,602 - INFO - Searching Pinterest: https://in.pinterest.com/search/pins/?q=tennis%20wallpaper%20mobile
2025-07-20 23:34:40,512 - INFO - Found 6 unique image URLs for query: tennis wallpaper mobile
2025-07-20 23:34:40,514 - INFO - Downloading: https://i.pinimg.com/originals/f5/e6/0a/f5e60a4d5471f06e6ebb5115eeed0f04.jpg
2025-07-20 23:34:40,970 - INFO - Invalid sports image, skipping: https://i.pinimg.com/originals/f5/e6/0a/f5e60a4d5471f06e6ebb5115eeed0f04.jpg
2025-07-20 23:34:48,980 - INFO - Downloading: https://i.pinimg.com/originals/91/6c/08/916c0802b86212061abdeef67312f127.jpg
2025-07-20 23:34:49,459 - INFO - ✅ Downloaded sports wallpaper: sports_037_tennis_b21be4de16cc.jpg (271,213 bytes) - tennis
2025-07-20 23:34:49,459 - INFO - 📊 Progress: 37/40 (92.5%)
2025-07-20 23:34:57,469 - INFO - Downloading: https://i.pinimg.com/originals/2b/3c/c7/2b3cc7a95150dc37a6b196dc12ca8725.jpg
2025-07-20 23:34:57,876 - INFO - Duplicate image skipped: https://i.pinimg.com/originals/2b/3c/c7/2b3cc7a95150dc37a6b196dc12ca8725.jpg
2025-07-20 23:35:05,887 - INFO - Downloading: https://i.pinimg.com/originals/37/e9/d0/37e9d0a2101e2e69fce92087dc7a4ef8.jpg
2025-07-20 23:35:06,313 - INFO - ✅ Downloaded sports wallpaper: sports_038_tennis_2e3da7a1abab.jpg (367,597 bytes) - tennis
2025-07-20 23:35:06,313 - INFO - 📊 Progress: 38/40 (95.0%)
2025-07-20 23:35:14,316 - INFO - Downloading: https://i.pinimg.com/originals/0a/2a/61/0a2a61c3592f56d7f1f889194edda3aa.jpg
2025-07-20 23:35:14,771 - INFO - Invalid sports image, skipping: https://i.pinimg.com/originals/0a/2a/61/0a2a61c3592f56d7f1f889194edda3aa.jpg
2025-07-20 23:35:33,624 - INFO - 🏈 Starting Pinterest sports wallpaper scraping - Target: 40 images
2025-07-20 23:35:33,624 - INFO - 
🔍 Searching (0/40): sports wallpaper mobile
2025-07-20 23:35:33,624 - INFO - Searching Pinterest: https://in.pinterest.com/search/pins/?q=sports%20wallpaper%20mobile
2025-07-20 23:35:37,901 - INFO - Found 6 unique image URLs for query: sports wallpaper mobile
2025-07-20 23:35:37,901 - INFO - Downloading: https://i.pinimg.com/originals/26/d3/e1/26d3e11589ddffbdffccdef276c74e8d.jpg
2025-07-20 23:35:37,983 - INFO - ✅ Downloaded sports wallpaper: sports_001_general_2fb4f75afde3.jpg (363,115 bytes) - general
2025-07-20 23:35:37,984 - INFO - 📊 Progress: 1/40 (2.5%)
2025-07-20 23:35:45,984 - INFO - Downloading: https://i.pinimg.com/originals/de/92/49/de9249c2a8a6936aba5f3de0469b855d.jpg
2025-07-20 23:35:46,017 - INFO - ✅ Downloaded sports wallpaper: sports_002_general_db5b015568b2.jpg (429,617 bytes) - general
2025-07-20 23:35:46,018 - INFO - 📊 Progress: 2/40 (5.0%)
2025-07-20 23:35:54,028 - INFO - Downloading: https://i.pinimg.com/originals/ae/b0/78/aeb078f718b90bf9c5132c124c2079dd.jpg
2025-07-20 23:35:54,061 - INFO - ✅ Downloaded sports wallpaper: sports_003_general_8edda686a736.jpg (278,751 bytes) - general
2025-07-20 23:35:54,061 - INFO - 📊 Progress: 3/40 (7.5%)
2025-07-20 23:36:02,064 - INFO - Downloading: https://i.pinimg.com/originals/83/3e/2a/833e2a1d13cf70cd5d87a0d9b508c099.jpg
2025-07-20 23:36:02,100 - INFO - ✅ Downloaded sports wallpaper: sports_004_general_04b79f321abe.jpg (258,109 bytes) - general
2025-07-20 23:36:02,100 - INFO - 📊 Progress: 4/40 (10.0%)
2025-07-20 23:36:10,108 - INFO - Downloading: https://i.pinimg.com/originals/2d/9a/aa/2d9aaace80cb95564a00cb7acf4c4800.jpg
2025-07-20 23:36:10,160 - INFO - ✅ Downloaded sports wallpaper: sports_005_general_50e53f49b8ae.jpg (135,940 bytes) - general
2025-07-20 23:36:10,160 - INFO - 📊 Progress: 5/40 (12.5%)
2025-07-20 23:36:18,166 - INFO - Downloading: https://i.pinimg.com/originals/f1/ba/dd/f1badd7126502a5803841601d3164a7d.jpg
2025-07-20 23:36:18,191 - INFO - ✅ Downloaded sports wallpaper: sports_006_general_8deb75c7015d.jpg (185,783 bytes) - general
2025-07-20 23:36:18,191 - INFO - 📊 Progress: 6/40 (15.0%)
2025-07-20 23:36:26,197 - INFO - ⏱️  Waiting 10.0s before next query...
2025-07-20 23:36:36,203 - INFO - 
🔍 Searching (6/40): sports background hd
2025-07-20 23:36:36,204 - INFO - Searching Pinterest: https://in.pinterest.com/search/pins/?q=sports%20background%20hd
2025-07-20 23:36:37,417 - INFO - Found 6 unique image URLs for query: sports background hd
2025-07-20 23:36:37,418 - INFO - Downloading: https://i.pinimg.com/originals/92/72/15/927215e05b1b83cf61019dd9dc5177bb.jpg
2025-07-20 23:36:37,444 - INFO - ✅ Downloaded sports wallpaper: sports_007_general_f3e933d93ae4.jpg (221,790 bytes) - general
2025-07-20 23:36:37,444 - INFO - 📊 Progress: 7/40 (17.5%)
2025-07-20 23:36:45,448 - INFO - Downloading: https://i.pinimg.com/originals/74/89/cb/7489cb9ce8930788c667752192497e6a.jpg
2025-07-20 23:36:45,491 - INFO - ✅ Downloaded sports wallpaper: sports_008_general_203dffd267c3.jpg (148,350 bytes) - general
2025-07-20 23:36:45,492 - INFO - 📊 Progress: 8/40 (20.0%)
2025-07-20 23:36:53,495 - INFO - Downloading: https://i.pinimg.com/originals/3b/19/d4/3b19d40291b1d9805c15965648da6309.jpg
2025-07-20 23:36:53,524 - INFO - ✅ Downloaded sports wallpaper: sports_009_general_5c408a150fe1.jpg (193,253 bytes) - general
2025-07-20 23:36:53,525 - INFO - 📊 Progress: 9/40 (22.5%)
2025-07-20 23:37:01,527 - INFO - Downloading: https://i.pinimg.com/originals/7e/64/1c/7e641c67450515631b930dda7f90c6bd.jpg
2025-07-20 23:37:01,833 - ERROR - Failed to download https://i.pinimg.com/736x/7e/64/1c/7e641c67450515631b930dda7f90c6bd.jpg: 403 Client Error: Forbidden for url: https://i.pinimg.com/originals/7e/64/1c/7e641c67450515631b930dda7f90c6bd.jpg
2025-07-20 23:37:09,837 - INFO - Downloading: https://i.pinimg.com/originals/60/11/71/6011719a8a929811ad1f717460d2c1d3.jpg
2025-07-20 23:37:09,912 - INFO - ✅ Downloaded sports wallpaper: sports_010_general_1aa114c9b2be.jpg (169,882 bytes) - general
2025-07-20 23:37:09,913 - INFO - 📊 Progress: 10/40 (25.0%)
2025-07-20 23:37:17,916 - INFO - Downloading: https://i.pinimg.com/originals/92/aa/6b/92aa6b6e9cd30653c670080fa79bd7c5.jpg
2025-07-20 23:37:17,951 - INFO - ✅ Downloaded sports wallpaper: sports_011_general_023f1c5ff762.jpg (197,284 bytes) - general
2025-07-20 23:37:17,953 - INFO - 📊 Progress: 11/40 (27.5%)
2025-07-20 23:37:25,958 - INFO - ⏱️  Waiting 10.0s before next query...
2025-07-20 23:37:35,960 - INFO - 
🔍 Searching (11/40): athletic wallpaper
2025-07-20 23:37:35,960 - INFO - Searching Pinterest: https://in.pinterest.com/search/pins/?q=athletic%20wallpaper
2025-07-20 23:37:37,010 - INFO - Found 6 unique image URLs for query: athletic wallpaper
2025-07-20 23:37:37,010 - INFO - Downloading: https://i.pinimg.com/originals/1a/2e/5a/1a2e5aeabf8fa3fb19d1cb2c606ef0fe.jpg
2025-07-20 23:37:37,907 - INFO - ✅ Downloaded sports wallpaper: sports_012_general_176bb99508c0.jpg (454,475 bytes) - general
2025-07-20 23:37:37,908 - INFO - 📊 Progress: 12/40 (30.0%)
2025-07-20 23:37:45,913 - INFO - Downloading: https://i.pinimg.com/originals/0f/7b/4c/0f7b4c2cf3d1b1db273fe9fbfbec9a07.jpg
2025-07-20 23:37:46,550 - INFO - ✅ Downloaded sports wallpaper: sports_013_general_148580f4ea8f.jpg (553,988 bytes) - general
2025-07-20 23:37:46,551 - INFO - 📊 Progress: 13/40 (32.5%)
2025-07-20 23:37:54,557 - INFO - Downloading: https://i.pinimg.com/originals/2c/99/13/2c991305358f6af155394ad166f13dcf.jpg
2025-07-20 23:37:54,579 - INFO - Invalid sports image, skipping: https://i.pinimg.com/originals/2c/99/13/2c991305358f6af155394ad166f13dcf.jpg
2025-07-20 23:38:02,585 - INFO - Downloading: https://i.pinimg.com/originals/94/90/15/9490154592f2163267a973f2a3856d91.jpg
2025-07-20 23:38:02,636 - INFO - ✅ Downloaded sports wallpaper: sports_014_general_3bc6dc2cbc51.jpg (590,937 bytes) - general
2025-07-20 23:38:02,636 - INFO - 📊 Progress: 14/40 (35.0%)
2025-07-20 23:38:10,643 - INFO - Downloading: https://i.pinimg.com/originals/e1/e1/05/e1e105bb422150b18c19167383a820e5.jpg
2025-07-20 23:38:10,995 - ERROR - Failed to download https://i.pinimg.com/736x/e1/e1/05/e1e105bb422150b18c19167383a820e5.jpg: 403 Client Error: Forbidden for url: https://i.pinimg.com/originals/e1/e1/05/e1e105bb422150b18c19167383a820e5.jpg
2025-07-20 23:38:18,999 - INFO - Downloading: https://i.pinimg.com/originals/b3/c7/59/b3c759c8462212cd8d4d2b4983919ee7.jpg
2025-07-20 23:38:19,386 - ERROR - Failed to download https://i.pinimg.com/736x/b3/c7/59/b3c759c8462212cd8d4d2b4983919ee7.jpg: 403 Client Error: Forbidden for url: https://i.pinimg.com/originals/b3/c7/59/b3c759c8462212cd8d4d2b4983919ee7.jpg
2025-07-20 23:38:27,393 - INFO - ⏱️  Waiting 10.0s before next query...
2025-07-20 23:38:37,400 - INFO - 
🔍 Searching (14/40): sports phone wallpaper
2025-07-20 23:38:37,401 - INFO - Searching Pinterest: https://in.pinterest.com/search/pins/?q=sports%20phone%20wallpaper
2025-07-20 23:38:38,616 - INFO - Found 6 unique image URLs for query: sports phone wallpaper
2025-07-20 23:38:38,617 - INFO - Downloading: https://i.pinimg.com/originals/67/20/4d/67204d675778c1bd196400d53196b6e1.jpg
2025-07-20 23:38:38,741 - INFO - ✅ Downloaded sports wallpaper: sports_015_general_6e72aa81653b.jpg (162,235 bytes) - general
2025-07-20 23:38:38,743 - INFO - 📊 Progress: 15/40 (37.5%)
2025-07-20 23:38:46,748 - INFO - Downloading: https://i.pinimg.com/originals/ea/e0/38/eae038ab5de9b8228a88ab3bdfbe8532.jpg
2025-07-20 23:38:46,776 - INFO - Invalid sports image, skipping: https://i.pinimg.com/originals/ea/e0/38/eae038ab5de9b8228a88ab3bdfbe8532.jpg
2025-07-20 23:38:54,782 - INFO - Downloading: https://i.pinimg.com/originals/7a/76/37/7a7637391a8c9be0641496f3e173980c.jpg
2025-07-20 23:38:55,189 - INFO - ✅ Downloaded sports wallpaper: sports_016_general_eda1789eff04.jpg (158,009 bytes) - general
2025-07-20 23:38:55,190 - INFO - 📊 Progress: 16/40 (40.0%)
2025-07-20 23:39:03,193 - INFO - Downloading: https://i.pinimg.com/originals/23/e4/77/23e4776aab8f7ad23e4e1e71442b3185.jpg
2025-07-20 23:39:03,234 - INFO - Invalid sports image, skipping: https://i.pinimg.com/originals/23/e4/77/23e4776aab8f7ad23e4e1e71442b3185.jpg
2025-07-20 23:39:11,241 - INFO - Downloading: https://i.pinimg.com/originals/a1/15/95/a115953847d10c86201785940dca1785.jpg
2025-07-20 23:39:11,271 - INFO - ✅ Downloaded sports wallpaper: sports_017_general_2ee167c44c27.jpg (227,007 bytes) - general
2025-07-20 23:39:11,271 - INFO - 📊 Progress: 17/40 (42.5%)
2025-07-20 23:39:19,273 - INFO - Downloading: https://i.pinimg.com/originals/2b/3c/c7/2b3cc7a95150dc37a6b196dc12ca8725.jpg
2025-07-20 23:39:19,307 - INFO - ✅ Downloaded sports wallpaper: sports_018_general_e8151f6112b1.jpg (142,589 bytes) - general
2025-07-20 23:39:19,308 - INFO - 📊 Progress: 18/40 (45.0%)
2025-07-20 23:39:27,309 - INFO - ⏱️  Waiting 10.0s before next query...
2025-07-20 23:39:37,312 - INFO - 
🔍 Searching (18/40): sports motivation wallpaper
2025-07-20 23:39:37,315 - INFO - Searching Pinterest: https://in.pinterest.com/search/pins/?q=sports%20motivation%20wallpaper
2025-07-20 23:39:38,034 - INFO - Found 6 unique image URLs for query: sports motivation wallpaper
2025-07-20 23:39:38,034 - INFO - Downloading: https://i.pinimg.com/originals/07/cd/0e/07cd0e968c2bfcab39358a2ff864a66a.jpg
2025-07-20 23:39:38,062 - INFO - ✅ Downloaded sports wallpaper: sports_019_general_bb563a262ad3.jpg (139,121 bytes) - general
2025-07-20 23:39:38,063 - INFO - 📊 Progress: 19/40 (47.5%)
2025-07-20 23:39:46,068 - INFO - Downloading: https://i.pinimg.com/originals/78/fa/dc/78fadc286c1bf7f9dd4f4e24741576d7.jpg
2025-07-20 23:39:46,093 - INFO - Invalid sports image, skipping: https://i.pinimg.com/originals/78/fa/dc/78fadc286c1bf7f9dd4f4e24741576d7.jpg
2025-07-20 23:39:54,100 - INFO - Downloading: https://i.pinimg.com/originals/42/d9/f5/42d9f55012b192fdd413f8ff30953cbc.jpg
2025-07-20 23:39:54,131 - INFO - ✅ Downloaded sports wallpaper: sports_020_general_323af43ce24e.jpg (128,853 bytes) - general
2025-07-20 23:39:54,132 - INFO - 📊 Progress: 20/40 (50.0%)
2025-07-20 23:40:02,137 - INFO - Downloading: https://i.pinimg.com/originals/a2/86/60/a28660d871f40f3ede4b49afb36e299f.jpg
2025-07-20 23:40:02,172 - INFO - Invalid sports image, skipping: https://i.pinimg.com/originals/a2/86/60/a28660d871f40f3ede4b49afb36e299f.jpg
2025-07-20 23:40:10,181 - INFO - Downloading: https://i.pinimg.com/originals/b2/52/bc/b252bc81098f635f3a39907c9d1673d2.jpg
2025-07-20 23:40:10,210 - INFO - Invalid sports image, skipping: https://i.pinimg.com/originals/b2/52/bc/b252bc81098f635f3a39907c9d1673d2.jpg
2025-07-20 23:40:18,214 - INFO - Downloading: https://i.pinimg.com/originals/06/2a/19/062a19275004d9c45f9c0c6a6bb2a819.jpg
2025-07-20 23:40:18,271 - INFO - ✅ Downloaded sports wallpaper: sports_021_general_ae1ea930490a.jpg (718,715 bytes) - general
2025-07-20 23:40:18,271 - INFO - 📊 Progress: 21/40 (52.5%)
2025-07-20 23:40:26,276 - INFO - ⏱️  Waiting 10.0s before next query...
