2025-07-20 20:37:01,762 - INFO - Starting premium abstract gradient scraping...
2025-07-20 20:37:01,762 - INFO - Target: 20 high-quality gradient backgrounds
2025-07-20 20:37:01,762 - INFO - Searching premium gradients: abstract gradient background 4k
2025-07-20 20:37:02,233 - INFO - Extracted 0 unique high-quality URLs for 'abstract gradient background 4k'
2025-07-20 20:37:02,237 - WARNING - No images found for 'abstract gradient background 4k'
2025-07-20 20:37:02,237 - INFO - Searching premium gradients: smooth gradient wallpaper hd
2025-07-20 20:37:02,726 - INFO - Extracted 0 unique high-quality URLs for 'smooth gradient wallpaper hd'
2025-07-20 20:37:02,727 - WARNING - No images found for 'smooth gradient wallpaper hd'
2025-07-20 20:37:02,727 - INFO - Searching premium gradients: colorful abstract gradient
2025-07-20 20:37:04,048 - INFO - Extracted 0 unique high-quality URLs for 'colorful abstract gradient'
2025-07-20 20:37:04,049 - WARNING - No images found for 'colorful abstract gradient'
2025-07-20 20:37:04,049 - INFO - Searching premium gradients: minimal gradient background
2025-07-20 20:37:04,553 - INFO - Extracted 0 unique high-quality URLs for 'minimal gradient background'
2025-07-20 20:37:04,554 - WARNING - No images found for 'minimal gradient background'
2025-07-20 20:37:04,554 - INFO - Searching premium gradients: abstract color gradient
2025-07-20 20:37:05,042 - INFO - Extracted 0 unique high-quality URLs for 'abstract color gradient'
2025-07-20 20:37:05,043 - WARNING - No images found for 'abstract color gradient'
2025-07-20 20:37:05,043 - INFO - Searching premium gradients: premium gradient wallpaper
2025-07-20 20:37:05,325 - INFO - Extracted 0 unique high-quality URLs for 'premium gradient wallpaper'
2025-07-20 20:37:05,326 - WARNING - No images found for 'premium gradient wallpaper'
2025-07-20 20:37:05,326 - INFO - Searching premium gradients: digital gradient art
2025-07-20 20:37:05,727 - INFO - Extracted 0 unique high-quality URLs for 'digital gradient art'
2025-07-20 20:37:05,727 - WARNING - No images found for 'digital gradient art'
2025-07-20 20:37:05,727 - INFO - Searching premium gradients: abstract gradient design
2025-07-20 20:37:06,602 - INFO - Extracted 0 unique high-quality URLs for 'abstract gradient design'
2025-07-20 20:37:06,602 - WARNING - No images found for 'abstract gradient design'
2025-07-20 20:37:06,602 - INFO - Searching premium gradients: modern gradient background
2025-07-20 20:37:07,081 - INFO - Extracted 0 unique high-quality URLs for 'modern gradient background'
2025-07-20 20:37:07,081 - WARNING - No images found for 'modern gradient background'
2025-07-20 20:37:07,082 - INFO - Searching premium gradients: vibrant gradient wallpaper
2025-07-20 20:37:07,774 - INFO - Extracted 0 unique high-quality URLs for 'vibrant gradient wallpaper'
2025-07-20 20:37:07,774 - WARNING - No images found for 'vibrant gradient wallpaper'
2025-07-20 20:37:07,774 - INFO - Searching premium gradients: blue purple gradient background
2025-07-20 20:37:08,263 - INFO - Extracted 0 unique high-quality URLs for 'blue purple gradient background'
2025-07-20 20:37:08,264 - WARNING - No images found for 'blue purple gradient background'
2025-07-20 20:37:08,264 - INFO - Searching premium gradients: pink orange gradient wallpaper
2025-07-20 20:37:08,543 - INFO - Extracted 0 unique high-quality URLs for 'pink orange gradient wallpaper'
2025-07-20 20:37:08,544 - WARNING - No images found for 'pink orange gradient wallpaper'
2025-07-20 20:37:08,544 - INFO - Searching premium gradients: sunset gradient background
2025-07-20 20:37:08,839 - INFO - Extracted 0 unique high-quality URLs for 'sunset gradient background'
2025-07-20 20:37:08,839 - WARNING - No images found for 'sunset gradient background'
2025-07-20 20:37:08,840 - INFO - Searching premium gradients: ocean gradient wallpaper
2025-07-20 20:37:09,135 - INFO - Extracted 0 unique high-quality URLs for 'ocean gradient wallpaper'
2025-07-20 20:37:09,135 - WARNING - No images found for 'ocean gradient wallpaper'
2025-07-20 20:37:09,135 - INFO - Searching premium gradients: rainbow gradient abstract
2025-07-20 20:37:09,460 - INFO - Extracted 0 unique high-quality URLs for 'rainbow gradient abstract'
2025-07-20 20:37:09,461 - WARNING - No images found for 'rainbow gradient abstract'
2025-07-20 20:37:09,461 - INFO - Searching premium gradients: pastel gradient background
2025-07-20 20:37:09,796 - INFO - Extracted 0 unique high-quality URLs for 'pastel gradient background'
2025-07-20 20:37:09,798 - WARNING - No images found for 'pastel gradient background'
2025-07-20 20:37:09,799 - INFO - Searching premium gradients: neon gradient wallpaper
2025-07-20 20:37:10,089 - INFO - Extracted 0 unique high-quality URLs for 'neon gradient wallpaper'
2025-07-20 20:37:10,090 - WARNING - No images found for 'neon gradient wallpaper'
2025-07-20 20:37:10,090 - INFO - Searching premium gradients: dark gradient background
2025-07-20 20:37:10,384 - INFO - Extracted 0 unique high-quality URLs for 'dark gradient background'
2025-07-20 20:37:10,384 - WARNING - No images found for 'dark gradient background'
2025-07-20 20:37:10,384 - INFO - Searching premium gradients: warm gradient colors
2025-07-20 20:37:11,109 - INFO - Extracted 0 unique high-quality URLs for 'warm gradient colors'
2025-07-20 20:37:11,110 - WARNING - No images found for 'warm gradient colors'
2025-07-20 20:37:11,110 - INFO - Searching premium gradients: cool gradient tones
2025-07-20 20:37:11,589 - INFO - Extracted 0 unique high-quality URLs for 'cool gradient tones'
2025-07-20 20:37:11,589 - WARNING - No images found for 'cool gradient tones'
